ERROR - 2025-08-18 17:34:47 --> mysqli_sql_exception: Duplicate entry '5' for key 'PRIMARY' in C:\xampp\htdocs\fs2025\codeigniter4-Blackwave\codeigniter4-framework-dbc07dc\system\Database\MySQLi\Connection.php:327
Stack trace:
#0 C:\xampp\htdocs\fs2025\codeigniter4-Blackwave\codeigniter4-framework-dbc07dc\system\Database\MySQLi\Connection.php(327): mysqli->query('INSERT INTO `em...', 0)
#1 C:\xampp\htdocs\fs2025\codeigniter4-Blackwave\codeigniter4-framework-dbc07dc\system\Database\BaseConnection.php(729): CodeIgniter\Database\MySQLi\Connection->execute('INSERT INTO `em...')
#2 C:\xampp\htdocs\fs2025\codeigniter4-Blackwave\codeigniter4-framework-dbc07dc\system\Database\BaseConnection.php(646): CodeIgniter\Database\BaseConnection->simpleQuery('INSERT INTO `em...')
#3 C:\xampp\htdocs\fs2025\codeigniter4-Blackwave\codeigniter4-framework-dbc07dc\system\Database\BaseBuilder.php(2345): CodeIgniter\Database\BaseConnection->query('INSERT INTO `em...', Array, false)
#4 C:\xampp\htdocs\fs2025\codeigniter4-Blackwave\codeigniter4-framework-dbc07dc\system\Model.php(394): CodeIgniter\Database\BaseBuilder->insert()
#5 C:\xampp\htdocs\fs2025\codeigniter4-Blackwave\codeigniter4-framework-dbc07dc\system\BaseModel.php(838): CodeIgniter\Model->doInsert(Array)
#6 C:\xampp\htdocs\fs2025\codeigniter4-Blackwave\codeigniter4-framework-dbc07dc\system\Model.php(797): CodeIgniter\BaseModel->insert(Array, true)
#7 C:\xampp\htdocs\fs2025\codeigniter4-Blackwave\codeigniter4-framework-dbc07dc\app\Controllers\Home.php(35): CodeIgniter\Model->insert(Array)
#8 C:\xampp\htdocs\fs2025\codeigniter4-Blackwave\codeigniter4-framework-dbc07dc\system\CodeIgniter.php(933): App\Controllers\Home->agregarEmplado()
#9 C:\xampp\htdocs\fs2025\codeigniter4-Blackwave\codeigniter4-framework-dbc07dc\system\CodeIgniter.php(507): CodeIgniter\CodeIgniter->runController(Object(App\Controllers\Home))
#10 C:\xampp\htdocs\fs2025\codeigniter4-Blackwave\codeigniter4-framework-dbc07dc\system\CodeIgniter.php(354): CodeIgniter\CodeIgniter->handleRequest(NULL, Object(Config\Cache), false)
#11 C:\xampp\htdocs\fs2025\codeigniter4-Blackwave\codeigniter4-framework-dbc07dc\system\Boot.php(363): CodeIgniter\CodeIgniter->run()
#12 C:\xampp\htdocs\fs2025\codeigniter4-Blackwave\codeigniter4-framework-dbc07dc\system\Boot.php(68): CodeIgniter\Boot::runCodeIgniter(Object(CodeIgniter\CodeIgniter))
#13 C:\xampp\htdocs\fs2025\codeigniter4-Blackwave\codeigniter4-framework-dbc07dc\public\index.php(59): CodeIgniter\Boot::bootWeb(Object(Config\Paths))
#14 {main}
CRITICAL - 2025-08-18 17:34:47 --> CodeIgniter\Database\Exceptions\DatabaseException: Duplicate entry '5' for key 'PRIMARY'
[Method: POST, Route: agregarEmpleado]
in SYSTEMPATH\Database\BaseConnection.php on line 684.
 1 SYSTEMPATH\Database\BaseBuilder.php(2345): CodeIgniter\Database\BaseConnection->query('INSERT INTO `empleados` (`empleado_id`, `nombre`, `apellido`, `telefono`, `puesto_id`, `fecha_nacimiento`) VALUES (:empleado_id:, :nombre:, :apellido:, :telefono:, :puesto_id:, :fecha_nacimiento:)', [...], false)
 2 SYSTEMPATH\Model.php(394): CodeIgniter\Database\BaseBuilder->insert()
 3 SYSTEMPATH\BaseModel.php(838): CodeIgniter\Model->doInsert([...])
 4 SYSTEMPATH\Model.php(797): CodeIgniter\BaseModel->insert([...], true)
 5 APPPATH\Controllers\Home.php(35): CodeIgniter\Model->insert([...])
 6 SYSTEMPATH\CodeIgniter.php(933): App\Controllers\Home->agregarEmplado()
 7 SYSTEMPATH\CodeIgniter.php(507): CodeIgniter\CodeIgniter->runController(Object(App\Controllers\Home))
 8 SYSTEMPATH\CodeIgniter.php(354): CodeIgniter\CodeIgniter->handleRequest(null, Object(Config\Cache), false)
 9 SYSTEMPATH\Boot.php(363): CodeIgniter\CodeIgniter->run()
10 SYSTEMPATH\Boot.php(68): CodeIgniter\Boot::runCodeIgniter(Object(CodeIgniter\CodeIgniter))
11 FCPATH\index.php(59): CodeIgniter\Boot::bootWeb(Object(Config\Paths))
CRITICAL - 2025-08-18 17:34:47 --> [Caused by] CodeIgniter\Database\Exceptions\DatabaseException: Duplicate entry '5' for key 'PRIMARY'
in SYSTEMPATH\Database\MySQLi\Connection.php on line 332.
 1 SYSTEMPATH\Database\BaseConnection.php(729): CodeIgniter\Database\MySQLi\Connection->execute('INSERT INTO `empleados` (`empleado_id`, `nombre`, `apellido`, `telefono`, `puesto_id`, `fecha_nacimiento`) VALUES (\'5\', \'Pato\', \'Quaso\', \'656565\', \'1\', \'2025-07-31\')')
 2 SYSTEMPATH\Database\BaseConnection.php(646): CodeIgniter\Database\BaseConnection->simpleQuery('INSERT INTO `empleados` (`empleado_id`, `nombre`, `apellido`, `telefono`, `puesto_id`, `fecha_nacimiento`) VALUES (\'5\', \'Pato\', \'Quaso\', \'656565\', \'1\', \'2025-07-31\')')
 3 SYSTEMPATH\Database\BaseBuilder.php(2345): CodeIgniter\Database\BaseConnection->query('INSERT INTO `empleados` (`empleado_id`, `nombre`, `apellido`, `telefono`, `puesto_id`, `fecha_nacimiento`) VALUES (:empleado_id:, :nombre:, :apellido:, :telefono:, :puesto_id:, :fecha_nacimiento:)', [...], false)
 4 SYSTEMPATH\Model.php(394): CodeIgniter\Database\BaseBuilder->insert()
 5 SYSTEMPATH\BaseModel.php(838): CodeIgniter\Model->doInsert([...])
 6 SYSTEMPATH\Model.php(797): CodeIgniter\BaseModel->insert([...], true)
 7 APPPATH\Controllers\Home.php(35): CodeIgniter\Model->insert([...])
 8 SYSTEMPATH\CodeIgniter.php(933): App\Controllers\Home->agregarEmplado()
 9 SYSTEMPATH\CodeIgniter.php(507): CodeIgniter\CodeIgniter->runController(Object(App\Controllers\Home))
10 SYSTEMPATH\CodeIgniter.php(354): CodeIgniter\CodeIgniter->handleRequest(null, Object(Config\Cache), false)
11 SYSTEMPATH\Boot.php(363): CodeIgniter\CodeIgniter->run()
12 SYSTEMPATH\Boot.php(68): CodeIgniter\Boot::runCodeIgniter(Object(CodeIgniter\CodeIgniter))
13 FCPATH\index.php(59): CodeIgniter\Boot::bootWeb(Object(Config\Paths))
CRITICAL - 2025-08-18 17:34:47 --> [Caused by] mysqli_sql_exception: Duplicate entry '5' for key 'PRIMARY'
in SYSTEMPATH\Database\MySQLi\Connection.php on line 327.
 1 SYSTEMPATH\Database\MySQLi\Connection.php(327): mysqli->query('INSERT INTO `empleados` (`empleado_id`, `nombre`, `apellido`, `telefono`, `puesto_id`, `fecha_nacimiento`) VALUES (\'5\', \'Pato\', \'Quaso\', \'656565\', \'1\', \'2025-07-31\')', 0)
 2 SYSTEMPATH\Database\BaseConnection.php(729): CodeIgniter\Database\MySQLi\Connection->execute('INSERT INTO `empleados` (`empleado_id`, `nombre`, `apellido`, `telefono`, `puesto_id`, `fecha_nacimiento`) VALUES (\'5\', \'Pato\', \'Quaso\', \'656565\', \'1\', \'2025-07-31\')')
 3 SYSTEMPATH\Database\BaseConnection.php(646): CodeIgniter\Database\BaseConnection->simpleQuery('INSERT INTO `empleados` (`empleado_id`, `nombre`, `apellido`, `telefono`, `puesto_id`, `fecha_nacimiento`) VALUES (\'5\', \'Pato\', \'Quaso\', \'656565\', \'1\', \'2025-07-31\')')
 4 SYSTEMPATH\Database\BaseBuilder.php(2345): CodeIgniter\Database\BaseConnection->query('INSERT INTO `empleados` (`empleado_id`, `nombre`, `apellido`, `telefono`, `puesto_id`, `fecha_nacimiento`) VALUES (:empleado_id:, :nombre:, :apellido:, :telefono:, :puesto_id:, :fecha_nacimiento:)', [...], false)
 5 SYSTEMPATH\Model.php(394): CodeIgniter\Database\BaseBuilder->insert()
 6 SYSTEMPATH\BaseModel.php(838): CodeIgniter\Model->doInsert([...])
 7 SYSTEMPATH\Model.php(797): CodeIgniter\BaseModel->insert([...], true)
 8 APPPATH\Controllers\Home.php(35): CodeIgniter\Model->insert([...])
 9 SYSTEMPATH\CodeIgniter.php(933): App\Controllers\Home->agregarEmplado()
10 SYSTEMPATH\CodeIgniter.php(507): CodeIgniter\CodeIgniter->runController(Object(App\Controllers\Home))
11 SYSTEMPATH\CodeIgniter.php(354): CodeIgniter\CodeIgniter->handleRequest(null, Object(Config\Cache), false)
12 SYSTEMPATH\Boot.php(363): CodeIgniter\CodeIgniter->run()
13 SYSTEMPATH\Boot.php(68): CodeIgniter\Boot::runCodeIgniter(Object(CodeIgniter\CodeIgniter))
14 FCPATH\index.php(59): CodeIgniter\Boot::bootWeb(Object(Config\Paths))
