ERROR - 2025-08-06 16:06:38 --> mysqli_sql_exception: Table 'fs2025_inventario.emplados' doesn't exist in C:\xampp\htdocs\fs2025\codeigniter4-Blackwave\codeigniter4-framework-dbc07dc\system\Database\MySQLi\Connection.php:327
Stack trace:
#0 C:\xampp\htdocs\fs2025\codeigniter4-Blackwave\codeigniter4-framework-dbc07dc\system\Database\MySQLi\Connection.php(327): mysqli->query('SELECT *\nFROM `...', 0)
#1 C:\xampp\htdocs\fs2025\codeigniter4-Blackwave\codeigniter4-framework-dbc07dc\system\Database\BaseConnection.php(729): CodeIgniter\Database\MySQLi\Connection->execute('SELECT *\nFROM `...')
#2 C:\xampp\htdocs\fs2025\codeigniter4-Blackwave\codeigniter4-framework-dbc07dc\system\Database\BaseConnection.php(646): CodeIgniter\Database\BaseConnection->simpleQuery('SELECT *\nFROM `...')
#3 C:\xampp\htdocs\fs2025\codeigniter4-Blackwave\codeigniter4-framework-dbc07dc\system\Database\BaseBuilder.php(1649): CodeIgniter\Database\BaseConnection->query('SELECT *\nFROM `...', Array, false)
#4 C:\xampp\htdocs\fs2025\codeigniter4-Blackwave\codeigniter4-framework-dbc07dc\system\Model.php(286): CodeIgniter\Database\BaseBuilder->get()
#5 C:\xampp\htdocs\fs2025\codeigniter4-Blackwave\codeigniter4-framework-dbc07dc\system\BaseModel.php(677): CodeIgniter\Model->doFindAll(0, 0)
#6 C:\xampp\htdocs\fs2025\codeigniter4-Blackwave\codeigniter4-framework-dbc07dc\app\Controllers\Home.php(18): CodeIgniter\BaseModel->findAll()
#7 C:\xampp\htdocs\fs2025\codeigniter4-Blackwave\codeigniter4-framework-dbc07dc\system\CodeIgniter.php(933): App\Controllers\Home->empleados()
#8 C:\xampp\htdocs\fs2025\codeigniter4-Blackwave\codeigniter4-framework-dbc07dc\system\CodeIgniter.php(507): CodeIgniter\CodeIgniter->runController(Object(App\Controllers\Home))
#9 C:\xampp\htdocs\fs2025\codeigniter4-Blackwave\codeigniter4-framework-dbc07dc\system\CodeIgniter.php(354): CodeIgniter\CodeIgniter->handleRequest(NULL, Object(Config\Cache), false)
#10 C:\xampp\htdocs\fs2025\codeigniter4-Blackwave\codeigniter4-framework-dbc07dc\system\Boot.php(363): CodeIgniter\CodeIgniter->run()
#11 C:\xampp\htdocs\fs2025\codeigniter4-Blackwave\codeigniter4-framework-dbc07dc\system\Boot.php(68): CodeIgniter\Boot::runCodeIgniter(Object(CodeIgniter\CodeIgniter))
#12 C:\xampp\htdocs\fs2025\codeigniter4-Blackwave\codeigniter4-framework-dbc07dc\public\index.php(59): CodeIgniter\Boot::bootWeb(Object(Config\Paths))
#13 {main}
CRITICAL - 2025-08-06 16:06:38 --> CodeIgniter\Database\Exceptions\DatabaseException: Table 'fs2025_inventario.emplados' doesn't exist
[Method: GET, Route: /]
in SYSTEMPATH\Database\BaseConnection.php on line 684.
 1 SYSTEMPATH\Database\BaseBuilder.php(1649): CodeIgniter\Database\BaseConnection->query('SELECT *
FROM `emplados`', [], false)
 2 SYSTEMPATH\Model.php(286): CodeIgniter\Database\BaseBuilder->get()
 3 SYSTEMPATH\BaseModel.php(677): CodeIgniter\Model->doFindAll(0, 0)
 4 APPPATH\Controllers\Home.php(18): CodeIgniter\BaseModel->findAll()
 5 SYSTEMPATH\CodeIgniter.php(933): App\Controllers\Home->empleados()
 6 SYSTEMPATH\CodeIgniter.php(507): CodeIgniter\CodeIgniter->runController(Object(App\Controllers\Home))
 7 SYSTEMPATH\CodeIgniter.php(354): CodeIgniter\CodeIgniter->handleRequest(null, Object(Config\Cache), false)
 8 SYSTEMPATH\Boot.php(363): CodeIgniter\CodeIgniter->run()
 9 SYSTEMPATH\Boot.php(68): CodeIgniter\Boot::runCodeIgniter(Object(CodeIgniter\CodeIgniter))
10 FCPATH\index.php(59): CodeIgniter\Boot::bootWeb(Object(Config\Paths))
CRITICAL - 2025-08-06 16:06:38 --> [Caused by] CodeIgniter\Database\Exceptions\DatabaseException: Table 'fs2025_inventario.emplados' doesn't exist
in SYSTEMPATH\Database\MySQLi\Connection.php on line 332.
 1 SYSTEMPATH\Database\BaseConnection.php(729): CodeIgniter\Database\MySQLi\Connection->execute('SELECT *
FROM `emplados`')
 2 SYSTEMPATH\Database\BaseConnection.php(646): CodeIgniter\Database\BaseConnection->simpleQuery('SELECT *
FROM `emplados`')
 3 SYSTEMPATH\Database\BaseBuilder.php(1649): CodeIgniter\Database\BaseConnection->query('SELECT *
FROM `emplados`', [], false)
 4 SYSTEMPATH\Model.php(286): CodeIgniter\Database\BaseBuilder->get()
 5 SYSTEMPATH\BaseModel.php(677): CodeIgniter\Model->doFindAll(0, 0)
 6 APPPATH\Controllers\Home.php(18): CodeIgniter\BaseModel->findAll()
 7 SYSTEMPATH\CodeIgniter.php(933): App\Controllers\Home->empleados()
 8 SYSTEMPATH\CodeIgniter.php(507): CodeIgniter\CodeIgniter->runController(Object(App\Controllers\Home))
 9 SYSTEMPATH\CodeIgniter.php(354): CodeIgniter\CodeIgniter->handleRequest(null, Object(Config\Cache), false)
10 SYSTEMPATH\Boot.php(363): CodeIgniter\CodeIgniter->run()
11 SYSTEMPATH\Boot.php(68): CodeIgniter\Boot::runCodeIgniter(Object(CodeIgniter\CodeIgniter))
12 FCPATH\index.php(59): CodeIgniter\Boot::bootWeb(Object(Config\Paths))
CRITICAL - 2025-08-06 16:06:38 --> [Caused by] mysqli_sql_exception: Table 'fs2025_inventario.emplados' doesn't exist
in SYSTEMPATH\Database\MySQLi\Connection.php on line 327.
 1 SYSTEMPATH\Database\MySQLi\Connection.php(327): mysqli->query('SELECT *
FROM `emplados`', 0)
 2 SYSTEMPATH\Database\BaseConnection.php(729): CodeIgniter\Database\MySQLi\Connection->execute('SELECT *
FROM `emplados`')
 3 SYSTEMPATH\Database\BaseConnection.php(646): CodeIgniter\Database\BaseConnection->simpleQuery('SELECT *
FROM `emplados`')
 4 SYSTEMPATH\Database\BaseBuilder.php(1649): CodeIgniter\Database\BaseConnection->query('SELECT *
FROM `emplados`', [], false)
 5 SYSTEMPATH\Model.php(286): CodeIgniter\Database\BaseBuilder->get()
 6 SYSTEMPATH\BaseModel.php(677): CodeIgniter\Model->doFindAll(0, 0)
 7 APPPATH\Controllers\Home.php(18): CodeIgniter\BaseModel->findAll()
 8 SYSTEMPATH\CodeIgniter.php(933): App\Controllers\Home->empleados()
 9 SYSTEMPATH\CodeIgniter.php(507): CodeIgniter\CodeIgniter->runController(Object(App\Controllers\Home))
10 SYSTEMPATH\CodeIgniter.php(354): CodeIgniter\CodeIgniter->handleRequest(null, Object(Config\Cache), false)
11 SYSTEMPATH\Boot.php(363): CodeIgniter\CodeIgniter->run()
12 SYSTEMPATH\Boot.php(68): CodeIgniter\Boot::runCodeIgniter(Object(CodeIgniter\CodeIgniter))
13 FCPATH\index.php(59): CodeIgniter\Boot::bootWeb(Object(Config\Paths))
ERROR - 2025-08-06 16:06:53 --> mysqli_sql_exception: Table 'fs2025_inventario.emplados' doesn't exist in C:\xampp\htdocs\fs2025\codeigniter4-Blackwave\codeigniter4-framework-dbc07dc\system\Database\MySQLi\Connection.php:327
Stack trace:
#0 C:\xampp\htdocs\fs2025\codeigniter4-Blackwave\codeigniter4-framework-dbc07dc\system\Database\MySQLi\Connection.php(327): mysqli->query('SELECT *\nFROM `...', 0)
#1 C:\xampp\htdocs\fs2025\codeigniter4-Blackwave\codeigniter4-framework-dbc07dc\system\Database\BaseConnection.php(729): CodeIgniter\Database\MySQLi\Connection->execute('SELECT *\nFROM `...')
#2 C:\xampp\htdocs\fs2025\codeigniter4-Blackwave\codeigniter4-framework-dbc07dc\system\Database\BaseConnection.php(646): CodeIgniter\Database\BaseConnection->simpleQuery('SELECT *\nFROM `...')
#3 C:\xampp\htdocs\fs2025\codeigniter4-Blackwave\codeigniter4-framework-dbc07dc\system\Database\BaseBuilder.php(1649): CodeIgniter\Database\BaseConnection->query('SELECT *\nFROM `...', Array, false)
#4 C:\xampp\htdocs\fs2025\codeigniter4-Blackwave\codeigniter4-framework-dbc07dc\system\Model.php(286): CodeIgniter\Database\BaseBuilder->get()
#5 C:\xampp\htdocs\fs2025\codeigniter4-Blackwave\codeigniter4-framework-dbc07dc\system\BaseModel.php(677): CodeIgniter\Model->doFindAll(0, 0)
#6 C:\xampp\htdocs\fs2025\codeigniter4-Blackwave\codeigniter4-framework-dbc07dc\app\Controllers\Home.php(18): CodeIgniter\BaseModel->findAll()
#7 C:\xampp\htdocs\fs2025\codeigniter4-Blackwave\codeigniter4-framework-dbc07dc\system\CodeIgniter.php(933): App\Controllers\Home->empleados()
#8 C:\xampp\htdocs\fs2025\codeigniter4-Blackwave\codeigniter4-framework-dbc07dc\system\CodeIgniter.php(507): CodeIgniter\CodeIgniter->runController(Object(App\Controllers\Home))
#9 C:\xampp\htdocs\fs2025\codeigniter4-Blackwave\codeigniter4-framework-dbc07dc\system\CodeIgniter.php(354): CodeIgniter\CodeIgniter->handleRequest(NULL, Object(Config\Cache), false)
#10 C:\xampp\htdocs\fs2025\codeigniter4-Blackwave\codeigniter4-framework-dbc07dc\system\Boot.php(363): CodeIgniter\CodeIgniter->run()
#11 C:\xampp\htdocs\fs2025\codeigniter4-Blackwave\codeigniter4-framework-dbc07dc\system\Boot.php(68): CodeIgniter\Boot::runCodeIgniter(Object(CodeIgniter\CodeIgniter))
#12 C:\xampp\htdocs\fs2025\codeigniter4-Blackwave\codeigniter4-framework-dbc07dc\public\index.php(59): CodeIgniter\Boot::bootWeb(Object(Config\Paths))
#13 {main}
CRITICAL - 2025-08-06 16:06:53 --> CodeIgniter\Database\Exceptions\DatabaseException: Table 'fs2025_inventario.emplados' doesn't exist
[Method: GET, Route: /]
in SYSTEMPATH\Database\BaseConnection.php on line 684.
 1 SYSTEMPATH\Database\BaseBuilder.php(1649): CodeIgniter\Database\BaseConnection->query('SELECT *
FROM `emplados`', [], false)
 2 SYSTEMPATH\Model.php(286): CodeIgniter\Database\BaseBuilder->get()
 3 SYSTEMPATH\BaseModel.php(677): CodeIgniter\Model->doFindAll(0, 0)
 4 APPPATH\Controllers\Home.php(18): CodeIgniter\BaseModel->findAll()
 5 SYSTEMPATH\CodeIgniter.php(933): App\Controllers\Home->empleados()
 6 SYSTEMPATH\CodeIgniter.php(507): CodeIgniter\CodeIgniter->runController(Object(App\Controllers\Home))
 7 SYSTEMPATH\CodeIgniter.php(354): CodeIgniter\CodeIgniter->handleRequest(null, Object(Config\Cache), false)
 8 SYSTEMPATH\Boot.php(363): CodeIgniter\CodeIgniter->run()
 9 SYSTEMPATH\Boot.php(68): CodeIgniter\Boot::runCodeIgniter(Object(CodeIgniter\CodeIgniter))
10 FCPATH\index.php(59): CodeIgniter\Boot::bootWeb(Object(Config\Paths))
CRITICAL - 2025-08-06 16:06:53 --> [Caused by] CodeIgniter\Database\Exceptions\DatabaseException: Table 'fs2025_inventario.emplados' doesn't exist
in SYSTEMPATH\Database\MySQLi\Connection.php on line 332.
 1 SYSTEMPATH\Database\BaseConnection.php(729): CodeIgniter\Database\MySQLi\Connection->execute('SELECT *
FROM `emplados`')
 2 SYSTEMPATH\Database\BaseConnection.php(646): CodeIgniter\Database\BaseConnection->simpleQuery('SELECT *
FROM `emplados`')
 3 SYSTEMPATH\Database\BaseBuilder.php(1649): CodeIgniter\Database\BaseConnection->query('SELECT *
FROM `emplados`', [], false)
 4 SYSTEMPATH\Model.php(286): CodeIgniter\Database\BaseBuilder->get()
 5 SYSTEMPATH\BaseModel.php(677): CodeIgniter\Model->doFindAll(0, 0)
 6 APPPATH\Controllers\Home.php(18): CodeIgniter\BaseModel->findAll()
 7 SYSTEMPATH\CodeIgniter.php(933): App\Controllers\Home->empleados()
 8 SYSTEMPATH\CodeIgniter.php(507): CodeIgniter\CodeIgniter->runController(Object(App\Controllers\Home))
 9 SYSTEMPATH\CodeIgniter.php(354): CodeIgniter\CodeIgniter->handleRequest(null, Object(Config\Cache), false)
10 SYSTEMPATH\Boot.php(363): CodeIgniter\CodeIgniter->run()
11 SYSTEMPATH\Boot.php(68): CodeIgniter\Boot::runCodeIgniter(Object(CodeIgniter\CodeIgniter))
12 FCPATH\index.php(59): CodeIgniter\Boot::bootWeb(Object(Config\Paths))
CRITICAL - 2025-08-06 16:06:53 --> [Caused by] mysqli_sql_exception: Table 'fs2025_inventario.emplados' doesn't exist
in SYSTEMPATH\Database\MySQLi\Connection.php on line 327.
 1 SYSTEMPATH\Database\MySQLi\Connection.php(327): mysqli->query('SELECT *
FROM `emplados`', 0)
 2 SYSTEMPATH\Database\BaseConnection.php(729): CodeIgniter\Database\MySQLi\Connection->execute('SELECT *
FROM `emplados`')
 3 SYSTEMPATH\Database\BaseConnection.php(646): CodeIgniter\Database\BaseConnection->simpleQuery('SELECT *
FROM `emplados`')
 4 SYSTEMPATH\Database\BaseBuilder.php(1649): CodeIgniter\Database\BaseConnection->query('SELECT *
FROM `emplados`', [], false)
 5 SYSTEMPATH\Model.php(286): CodeIgniter\Database\BaseBuilder->get()
 6 SYSTEMPATH\BaseModel.php(677): CodeIgniter\Model->doFindAll(0, 0)
 7 APPPATH\Controllers\Home.php(18): CodeIgniter\BaseModel->findAll()
 8 SYSTEMPATH\CodeIgniter.php(933): App\Controllers\Home->empleados()
 9 SYSTEMPATH\CodeIgniter.php(507): CodeIgniter\CodeIgniter->runController(Object(App\Controllers\Home))
10 SYSTEMPATH\CodeIgniter.php(354): CodeIgniter\CodeIgniter->handleRequest(null, Object(Config\Cache), false)
11 SYSTEMPATH\Boot.php(363): CodeIgniter\CodeIgniter->run()
12 SYSTEMPATH\Boot.php(68): CodeIgniter\Boot::runCodeIgniter(Object(CodeIgniter\CodeIgniter))
13 FCPATH\index.php(59): CodeIgniter\Boot::bootWeb(Object(Config\Paths))
CRITICAL - 2025-08-06 16:08:30 --> ErrorException: Undefined array key "fecha_nac"
[Method: GET, Route: /]
in APPPATH\Views\vista_emplados.php on line 99.
 1 APPPATH\Views\vista_emplados.php(99): CodeIgniter\Debug\Exceptions->errorHandler(2, 'Undefined array key "fecha_nac"', 'C:\\xampp\\htdocs\\fs2025\\codeigniter4-Blackwave\\codeigniter4-framework-dbc07dc\\app\\Views\\vista_emplados.php', 99)
 2 SYSTEMPATH\View\View.php(226): include('C:\\xampp\\htdocs\\fs2025\\codeigniter4-Blackwave\\codeigniter4-framework-dbc07dc\\app\\Views\\vista_emplados.php')
 3 SYSTEMPATH\View\View.php(229): CodeIgniter\View\View->CodeIgniter\View\{closure}()
 4 SYSTEMPATH\Common.php(1167): CodeIgniter\View\View->render('vista_emplados', [], true)
 5 APPPATH\Controllers\Home.php(19): view('vista_emplados', [...])
 6 SYSTEMPATH\CodeIgniter.php(933): App\Controllers\Home->empleados()
 7 SYSTEMPATH\CodeIgniter.php(507): CodeIgniter\CodeIgniter->runController(Object(App\Controllers\Home))
 8 SYSTEMPATH\CodeIgniter.php(354): CodeIgniter\CodeIgniter->handleRequest(null, Object(Config\Cache), false)
 9 SYSTEMPATH\Boot.php(363): CodeIgniter\CodeIgniter->run()
10 SYSTEMPATH\Boot.php(68): CodeIgniter\Boot::runCodeIgniter(Object(CodeIgniter\CodeIgniter))
11 FCPATH\index.php(59): CodeIgniter\Boot::bootWeb(Object(Config\Paths))
ERROR - 2025-08-06 16:09:04 --> mysqli_sql_exception: Cannot delete or update a parent row: a foreign key constraint fails (`fs2025_inventario`.`equipos`, CONSTRAINT `equipos_ibfk_3` FOREIGN KEY (`empleado_id`) REFERENCES `empleados` (`empleado_id`)) in C:\xampp\htdocs\fs2025\codeigniter4-Blackwave\codeigniter4-framework-dbc07dc\system\Database\MySQLi\Connection.php:327
Stack trace:
#0 C:\xampp\htdocs\fs2025\codeigniter4-Blackwave\codeigniter4-framework-dbc07dc\system\Database\MySQLi\Connection.php(327): mysqli->query('DELETE FROM `em...', 0)
#1 C:\xampp\htdocs\fs2025\codeigniter4-Blackwave\codeigniter4-framework-dbc07dc\system\Database\BaseConnection.php(729): CodeIgniter\Database\MySQLi\Connection->execute('DELETE FROM `em...')
#2 C:\xampp\htdocs\fs2025\codeigniter4-Blackwave\codeigniter4-framework-dbc07dc\system\Database\BaseConnection.php(646): CodeIgniter\Database\BaseConnection->simpleQuery('DELETE FROM `em...')
#3 C:\xampp\htdocs\fs2025\codeigniter4-Blackwave\codeigniter4-framework-dbc07dc\system\Database\BaseBuilder.php(2848): CodeIgniter\Database\BaseConnection->query('DELETE FROM `em...', Array, false)
#4 C:\xampp\htdocs\fs2025\codeigniter4-Blackwave\codeigniter4-framework-dbc07dc\system\Model.php(521): CodeIgniter\Database\BaseBuilder->delete()
#5 C:\xampp\htdocs\fs2025\codeigniter4-Blackwave\codeigniter4-framework-dbc07dc\system\BaseModel.php(1152): CodeIgniter\Model->doDelete(Array, false)
#6 C:\xampp\htdocs\fs2025\codeigniter4-Blackwave\codeigniter4-framework-dbc07dc\app\Controllers\Home.php(53): CodeIgniter\BaseModel->delete(Array)
#7 C:\xampp\htdocs\fs2025\codeigniter4-Blackwave\codeigniter4-framework-dbc07dc\system\CodeIgniter.php(933): App\Controllers\Home->eliminarEmpleado(1)
#8 C:\xampp\htdocs\fs2025\codeigniter4-Blackwave\codeigniter4-framework-dbc07dc\system\CodeIgniter.php(507): CodeIgniter\CodeIgniter->runController(Object(App\Controllers\Home))
#9 C:\xampp\htdocs\fs2025\codeigniter4-Blackwave\codeigniter4-framework-dbc07dc\system\CodeIgniter.php(354): CodeIgniter\CodeIgniter->handleRequest(NULL, Object(Config\Cache), false)
#10 C:\xampp\htdocs\fs2025\codeigniter4-Blackwave\codeigniter4-framework-dbc07dc\system\Boot.php(363): CodeIgniter\CodeIgniter->run()
#11 C:\xampp\htdocs\fs2025\codeigniter4-Blackwave\codeigniter4-framework-dbc07dc\system\Boot.php(68): CodeIgniter\Boot::runCodeIgniter(Object(CodeIgniter\CodeIgniter))
#12 C:\xampp\htdocs\fs2025\codeigniter4-Blackwave\codeigniter4-framework-dbc07dc\public\index.php(59): CodeIgniter\Boot::bootWeb(Object(Config\Paths))
#13 {main}
CRITICAL - 2025-08-06 16:09:04 --> CodeIgniter\Database\Exceptions\DatabaseException: Cannot delete or update a parent row: a foreign key constraint fails (`fs2025_inventario`.`equipos`, CONSTRAINT `equipos_ibfk_3` FOREIGN KEY (`empleado_id`) REFERENCES `empleados` (`empleado_id`))
[Method: GET, Route: eliminarEmpleado/1]
in SYSTEMPATH\Database\BaseConnection.php on line 684.
 1 SYSTEMPATH\Database\BaseBuilder.php(2848): CodeIgniter\Database\BaseConnection->query('DELETE FROM `empleados`
WHERE `empleado_id` IN :empleado_id:', [...], false)
 2 SYSTEMPATH\Model.php(521): CodeIgniter\Database\BaseBuilder->delete()
 3 SYSTEMPATH\BaseModel.php(1152): CodeIgniter\Model->doDelete([...], false)
 4 APPPATH\Controllers\Home.php(53): CodeIgniter\BaseModel->delete([...])
 5 SYSTEMPATH\CodeIgniter.php(933): App\Controllers\Home->eliminarEmpleado(1)
 6 SYSTEMPATH\CodeIgniter.php(507): CodeIgniter\CodeIgniter->runController(Object(App\Controllers\Home))
 7 SYSTEMPATH\CodeIgniter.php(354): CodeIgniter\CodeIgniter->handleRequest(null, Object(Config\Cache), false)
 8 SYSTEMPATH\Boot.php(363): CodeIgniter\CodeIgniter->run()
 9 SYSTEMPATH\Boot.php(68): CodeIgniter\Boot::runCodeIgniter(Object(CodeIgniter\CodeIgniter))
10 FCPATH\index.php(59): CodeIgniter\Boot::bootWeb(Object(Config\Paths))
CRITICAL - 2025-08-06 16:09:04 --> [Caused by] CodeIgniter\Database\Exceptions\DatabaseException: Cannot delete or update a parent row: a foreign key constraint fails (`fs2025_inventario`.`equipos`, CONSTRAINT `equipos_ibfk_3` FOREIGN KEY (`empleado_id`) REFERENCES `empleados` (`empleado_id`))
in SYSTEMPATH\Database\MySQLi\Connection.php on line 332.
 1 SYSTEMPATH\Database\BaseConnection.php(729): CodeIgniter\Database\MySQLi\Connection->execute('DELETE FROM `empleados`
WHERE `empleado_id` IN (1)')
 2 SYSTEMPATH\Database\BaseConnection.php(646): CodeIgniter\Database\BaseConnection->simpleQuery('DELETE FROM `empleados`
WHERE `empleado_id` IN (1)')
 3 SYSTEMPATH\Database\BaseBuilder.php(2848): CodeIgniter\Database\BaseConnection->query('DELETE FROM `empleados`
WHERE `empleado_id` IN :empleado_id:', [...], false)
 4 SYSTEMPATH\Model.php(521): CodeIgniter\Database\BaseBuilder->delete()
 5 SYSTEMPATH\BaseModel.php(1152): CodeIgniter\Model->doDelete([...], false)
 6 APPPATH\Controllers\Home.php(53): CodeIgniter\BaseModel->delete([...])
 7 SYSTEMPATH\CodeIgniter.php(933): App\Controllers\Home->eliminarEmpleado(1)
 8 SYSTEMPATH\CodeIgniter.php(507): CodeIgniter\CodeIgniter->runController(Object(App\Controllers\Home))
 9 SYSTEMPATH\CodeIgniter.php(354): CodeIgniter\CodeIgniter->handleRequest(null, Object(Config\Cache), false)
10 SYSTEMPATH\Boot.php(363): CodeIgniter\CodeIgniter->run()
11 SYSTEMPATH\Boot.php(68): CodeIgniter\Boot::runCodeIgniter(Object(CodeIgniter\CodeIgniter))
12 FCPATH\index.php(59): CodeIgniter\Boot::bootWeb(Object(Config\Paths))
CRITICAL - 2025-08-06 16:09:04 --> [Caused by] mysqli_sql_exception: Cannot delete or update a parent row: a foreign key constraint fails (`fs2025_inventario`.`equipos`, CONSTRAINT `equipos_ibfk_3` FOREIGN KEY (`empleado_id`) REFERENCES `empleados` (`empleado_id`))
in SYSTEMPATH\Database\MySQLi\Connection.php on line 327.
 1 SYSTEMPATH\Database\MySQLi\Connection.php(327): mysqli->query('DELETE FROM `empleados`
WHERE `empleado_id` IN (1)', 0)
 2 SYSTEMPATH\Database\BaseConnection.php(729): CodeIgniter\Database\MySQLi\Connection->execute('DELETE FROM `empleados`
WHERE `empleado_id` IN (1)')
 3 SYSTEMPATH\Database\BaseConnection.php(646): CodeIgniter\Database\BaseConnection->simpleQuery('DELETE FROM `empleados`
WHERE `empleado_id` IN (1)')
 4 SYSTEMPATH\Database\BaseBuilder.php(2848): CodeIgniter\Database\BaseConnection->query('DELETE FROM `empleados`
WHERE `empleado_id` IN :empleado_id:', [...], false)
 5 SYSTEMPATH\Model.php(521): CodeIgniter\Database\BaseBuilder->delete()
 6 SYSTEMPATH\BaseModel.php(1152): CodeIgniter\Model->doDelete([...], false)
 7 APPPATH\Controllers\Home.php(53): CodeIgniter\BaseModel->delete([...])
 8 SYSTEMPATH\CodeIgniter.php(933): App\Controllers\Home->eliminarEmpleado(1)
 9 SYSTEMPATH\CodeIgniter.php(507): CodeIgniter\CodeIgniter->runController(Object(App\Controllers\Home))
10 SYSTEMPATH\CodeIgniter.php(354): CodeIgniter\CodeIgniter->handleRequest(null, Object(Config\Cache), false)
11 SYSTEMPATH\Boot.php(363): CodeIgniter\CodeIgniter->run()
12 SYSTEMPATH\Boot.php(68): CodeIgniter\Boot::runCodeIgniter(Object(CodeIgniter\CodeIgniter))
13 FCPATH\index.php(59): CodeIgniter\Boot::bootWeb(Object(Config\Paths))
ERROR - 2025-08-06 16:10:19 --> mysqli_sql_exception: Cannot delete or update a parent row: a foreign key constraint fails (`fs2025_inventario`.`equipos`, CONSTRAINT `equipos_ibfk_3` FOREIGN KEY (`empleado_id`) REFERENCES `empleados` (`empleado_id`)) in C:\xampp\htdocs\fs2025\codeigniter4-Blackwave\codeigniter4-framework-dbc07dc\system\Database\MySQLi\Connection.php:327
Stack trace:
#0 C:\xampp\htdocs\fs2025\codeigniter4-Blackwave\codeigniter4-framework-dbc07dc\system\Database\MySQLi\Connection.php(327): mysqli->query('DELETE FROM `em...', 0)
#1 C:\xampp\htdocs\fs2025\codeigniter4-Blackwave\codeigniter4-framework-dbc07dc\system\Database\BaseConnection.php(729): CodeIgniter\Database\MySQLi\Connection->execute('DELETE FROM `em...')
#2 C:\xampp\htdocs\fs2025\codeigniter4-Blackwave\codeigniter4-framework-dbc07dc\system\Database\BaseConnection.php(646): CodeIgniter\Database\BaseConnection->simpleQuery('DELETE FROM `em...')
#3 C:\xampp\htdocs\fs2025\codeigniter4-Blackwave\codeigniter4-framework-dbc07dc\system\Database\BaseBuilder.php(2848): CodeIgniter\Database\BaseConnection->query('DELETE FROM `em...', Array, false)
#4 C:\xampp\htdocs\fs2025\codeigniter4-Blackwave\codeigniter4-framework-dbc07dc\system\Model.php(521): CodeIgniter\Database\BaseBuilder->delete()
#5 C:\xampp\htdocs\fs2025\codeigniter4-Blackwave\codeigniter4-framework-dbc07dc\system\BaseModel.php(1152): CodeIgniter\Model->doDelete(Array, false)
#6 C:\xampp\htdocs\fs2025\codeigniter4-Blackwave\codeigniter4-framework-dbc07dc\app\Controllers\Home.php(53): CodeIgniter\BaseModel->delete(Array)
#7 C:\xampp\htdocs\fs2025\codeigniter4-Blackwave\codeigniter4-framework-dbc07dc\system\CodeIgniter.php(933): App\Controllers\Home->eliminarEmpleado(1)
#8 C:\xampp\htdocs\fs2025\codeigniter4-Blackwave\codeigniter4-framework-dbc07dc\system\CodeIgniter.php(507): CodeIgniter\CodeIgniter->runController(Object(App\Controllers\Home))
#9 C:\xampp\htdocs\fs2025\codeigniter4-Blackwave\codeigniter4-framework-dbc07dc\system\CodeIgniter.php(354): CodeIgniter\CodeIgniter->handleRequest(NULL, Object(Config\Cache), false)
#10 C:\xampp\htdocs\fs2025\codeigniter4-Blackwave\codeigniter4-framework-dbc07dc\system\Boot.php(363): CodeIgniter\CodeIgniter->run()
#11 C:\xampp\htdocs\fs2025\codeigniter4-Blackwave\codeigniter4-framework-dbc07dc\system\Boot.php(68): CodeIgniter\Boot::runCodeIgniter(Object(CodeIgniter\CodeIgniter))
#12 C:\xampp\htdocs\fs2025\codeigniter4-Blackwave\codeigniter4-framework-dbc07dc\public\index.php(59): CodeIgniter\Boot::bootWeb(Object(Config\Paths))
#13 {main}
CRITICAL - 2025-08-06 16:10:19 --> CodeIgniter\Database\Exceptions\DatabaseException: Cannot delete or update a parent row: a foreign key constraint fails (`fs2025_inventario`.`equipos`, CONSTRAINT `equipos_ibfk_3` FOREIGN KEY (`empleado_id`) REFERENCES `empleados` (`empleado_id`))
[Method: GET, Route: eliminarEmpleado/1]
in SYSTEMPATH\Database\BaseConnection.php on line 684.
 1 SYSTEMPATH\Database\BaseBuilder.php(2848): CodeIgniter\Database\BaseConnection->query('DELETE FROM `empleados`
WHERE `empleado_id` IN :empleado_id:', [...], false)
 2 SYSTEMPATH\Model.php(521): CodeIgniter\Database\BaseBuilder->delete()
 3 SYSTEMPATH\BaseModel.php(1152): CodeIgniter\Model->doDelete([...], false)
 4 APPPATH\Controllers\Home.php(53): CodeIgniter\BaseModel->delete([...])
 5 SYSTEMPATH\CodeIgniter.php(933): App\Controllers\Home->eliminarEmpleado(1)
 6 SYSTEMPATH\CodeIgniter.php(507): CodeIgniter\CodeIgniter->runController(Object(App\Controllers\Home))
 7 SYSTEMPATH\CodeIgniter.php(354): CodeIgniter\CodeIgniter->handleRequest(null, Object(Config\Cache), false)
 8 SYSTEMPATH\Boot.php(363): CodeIgniter\CodeIgniter->run()
 9 SYSTEMPATH\Boot.php(68): CodeIgniter\Boot::runCodeIgniter(Object(CodeIgniter\CodeIgniter))
10 FCPATH\index.php(59): CodeIgniter\Boot::bootWeb(Object(Config\Paths))
CRITICAL - 2025-08-06 16:10:19 --> [Caused by] CodeIgniter\Database\Exceptions\DatabaseException: Cannot delete or update a parent row: a foreign key constraint fails (`fs2025_inventario`.`equipos`, CONSTRAINT `equipos_ibfk_3` FOREIGN KEY (`empleado_id`) REFERENCES `empleados` (`empleado_id`))
in SYSTEMPATH\Database\MySQLi\Connection.php on line 332.
 1 SYSTEMPATH\Database\BaseConnection.php(729): CodeIgniter\Database\MySQLi\Connection->execute('DELETE FROM `empleados`
WHERE `empleado_id` IN (1)')
 2 SYSTEMPATH\Database\BaseConnection.php(646): CodeIgniter\Database\BaseConnection->simpleQuery('DELETE FROM `empleados`
WHERE `empleado_id` IN (1)')
 3 SYSTEMPATH\Database\BaseBuilder.php(2848): CodeIgniter\Database\BaseConnection->query('DELETE FROM `empleados`
WHERE `empleado_id` IN :empleado_id:', [...], false)
 4 SYSTEMPATH\Model.php(521): CodeIgniter\Database\BaseBuilder->delete()
 5 SYSTEMPATH\BaseModel.php(1152): CodeIgniter\Model->doDelete([...], false)
 6 APPPATH\Controllers\Home.php(53): CodeIgniter\BaseModel->delete([...])
 7 SYSTEMPATH\CodeIgniter.php(933): App\Controllers\Home->eliminarEmpleado(1)
 8 SYSTEMPATH\CodeIgniter.php(507): CodeIgniter\CodeIgniter->runController(Object(App\Controllers\Home))
 9 SYSTEMPATH\CodeIgniter.php(354): CodeIgniter\CodeIgniter->handleRequest(null, Object(Config\Cache), false)
10 SYSTEMPATH\Boot.php(363): CodeIgniter\CodeIgniter->run()
11 SYSTEMPATH\Boot.php(68): CodeIgniter\Boot::runCodeIgniter(Object(CodeIgniter\CodeIgniter))
12 FCPATH\index.php(59): CodeIgniter\Boot::bootWeb(Object(Config\Paths))
CRITICAL - 2025-08-06 16:10:19 --> [Caused by] mysqli_sql_exception: Cannot delete or update a parent row: a foreign key constraint fails (`fs2025_inventario`.`equipos`, CONSTRAINT `equipos_ibfk_3` FOREIGN KEY (`empleado_id`) REFERENCES `empleados` (`empleado_id`))
in SYSTEMPATH\Database\MySQLi\Connection.php on line 327.
 1 SYSTEMPATH\Database\MySQLi\Connection.php(327): mysqli->query('DELETE FROM `empleados`
WHERE `empleado_id` IN (1)', 0)
 2 SYSTEMPATH\Database\BaseConnection.php(729): CodeIgniter\Database\MySQLi\Connection->execute('DELETE FROM `empleados`
WHERE `empleado_id` IN (1)')
 3 SYSTEMPATH\Database\BaseConnection.php(646): CodeIgniter\Database\BaseConnection->simpleQuery('DELETE FROM `empleados`
WHERE `empleado_id` IN (1)')
 4 SYSTEMPATH\Database\BaseBuilder.php(2848): CodeIgniter\Database\BaseConnection->query('DELETE FROM `empleados`
WHERE `empleado_id` IN :empleado_id:', [...], false)
 5 SYSTEMPATH\Model.php(521): CodeIgniter\Database\BaseBuilder->delete()
 6 SYSTEMPATH\BaseModel.php(1152): CodeIgniter\Model->doDelete([...], false)
 7 APPPATH\Controllers\Home.php(53): CodeIgniter\BaseModel->delete([...])
 8 SYSTEMPATH\CodeIgniter.php(933): App\Controllers\Home->eliminarEmpleado(1)
 9 SYSTEMPATH\CodeIgniter.php(507): CodeIgniter\CodeIgniter->runController(Object(App\Controllers\Home))
10 SYSTEMPATH\CodeIgniter.php(354): CodeIgniter\CodeIgniter->handleRequest(null, Object(Config\Cache), false)
11 SYSTEMPATH\Boot.php(363): CodeIgniter\CodeIgniter->run()
12 SYSTEMPATH\Boot.php(68): CodeIgniter\Boot::runCodeIgniter(Object(CodeIgniter\CodeIgniter))
13 FCPATH\index.php(59): CodeIgniter\Boot::bootWeb(Object(Config\Paths))
CRITICAL - 2025-08-06 16:11:14 --> ErrorException: Undefined array key "fecha_nac"
[Method: GET, Route: buscarEmpleado/1]
in APPPATH\Views\modificarEmpleadosForm.php on line 49.
 1 APPPATH\Views\modificarEmpleadosForm.php(49): CodeIgniter\Debug\Exceptions->errorHandler(2, 'Undefined array key "fecha_nac"', 'C:\\xampp\\htdocs\\fs2025\\codeigniter4-Blackwave\\codeigniter4-framework-dbc07dc\\app\\Views\\modificarEmpleadosForm.php', 49)
 2 SYSTEMPATH\View\View.php(226): include('C:\\xampp\\htdocs\\fs2025\\codeigniter4-Blackwave\\codeigniter4-framework-dbc07dc\\app\\Views\\modificarEmpleadosForm.php')
 3 SYSTEMPATH\View\View.php(229): CodeIgniter\View\View->CodeIgniter\View\{closure}()
 4 SYSTEMPATH\Common.php(1167): CodeIgniter\View\View->render('modificarEmpleadosForm', [], true)
 5 APPPATH\Controllers\Home.php(60): view('modificarEmpleadosForm', [...])
 6 SYSTEMPATH\CodeIgniter.php(933): App\Controllers\Home->buscarEmpleado('1')
 7 SYSTEMPATH\CodeIgniter.php(507): CodeIgniter\CodeIgniter->runController(Object(App\Controllers\Home))
 8 SYSTEMPATH\CodeIgniter.php(354): CodeIgniter\CodeIgniter->handleRequest(null, Object(Config\Cache), false)
 9 SYSTEMPATH\Boot.php(363): CodeIgniter\CodeIgniter->run()
10 SYSTEMPATH\Boot.php(68): CodeIgniter\Boot::runCodeIgniter(Object(CodeIgniter\CodeIgniter))
11 FCPATH\index.php(59): CodeIgniter\Boot::bootWeb(Object(Config\Paths))
ERROR - 2025-08-06 16:11:18 --> mysqli_sql_exception: Cannot delete or update a parent row: a foreign key constraint fails (`fs2025_inventario`.`equipos`, CONSTRAINT `equipos_ibfk_3` FOREIGN KEY (`empleado_id`) REFERENCES `empleados` (`empleado_id`)) in C:\xampp\htdocs\fs2025\codeigniter4-Blackwave\codeigniter4-framework-dbc07dc\system\Database\MySQLi\Connection.php:327
Stack trace:
#0 C:\xampp\htdocs\fs2025\codeigniter4-Blackwave\codeigniter4-framework-dbc07dc\system\Database\MySQLi\Connection.php(327): mysqli->query('DELETE FROM `em...', 0)
#1 C:\xampp\htdocs\fs2025\codeigniter4-Blackwave\codeigniter4-framework-dbc07dc\system\Database\BaseConnection.php(729): CodeIgniter\Database\MySQLi\Connection->execute('DELETE FROM `em...')
#2 C:\xampp\htdocs\fs2025\codeigniter4-Blackwave\codeigniter4-framework-dbc07dc\system\Database\BaseConnection.php(646): CodeIgniter\Database\BaseConnection->simpleQuery('DELETE FROM `em...')
#3 C:\xampp\htdocs\fs2025\codeigniter4-Blackwave\codeigniter4-framework-dbc07dc\system\Database\BaseBuilder.php(2848): CodeIgniter\Database\BaseConnection->query('DELETE FROM `em...', Array, false)
#4 C:\xampp\htdocs\fs2025\codeigniter4-Blackwave\codeigniter4-framework-dbc07dc\system\Model.php(521): CodeIgniter\Database\BaseBuilder->delete()
#5 C:\xampp\htdocs\fs2025\codeigniter4-Blackwave\codeigniter4-framework-dbc07dc\system\BaseModel.php(1152): CodeIgniter\Model->doDelete(Array, false)
#6 C:\xampp\htdocs\fs2025\codeigniter4-Blackwave\codeigniter4-framework-dbc07dc\app\Controllers\Home.php(53): CodeIgniter\BaseModel->delete(Array)
#7 C:\xampp\htdocs\fs2025\codeigniter4-Blackwave\codeigniter4-framework-dbc07dc\system\CodeIgniter.php(933): App\Controllers\Home->eliminarEmpleado(1)
#8 C:\xampp\htdocs\fs2025\codeigniter4-Blackwave\codeigniter4-framework-dbc07dc\system\CodeIgniter.php(507): CodeIgniter\CodeIgniter->runController(Object(App\Controllers\Home))
#9 C:\xampp\htdocs\fs2025\codeigniter4-Blackwave\codeigniter4-framework-dbc07dc\system\CodeIgniter.php(354): CodeIgniter\CodeIgniter->handleRequest(NULL, Object(Config\Cache), false)
#10 C:\xampp\htdocs\fs2025\codeigniter4-Blackwave\codeigniter4-framework-dbc07dc\system\Boot.php(363): CodeIgniter\CodeIgniter->run()
#11 C:\xampp\htdocs\fs2025\codeigniter4-Blackwave\codeigniter4-framework-dbc07dc\system\Boot.php(68): CodeIgniter\Boot::runCodeIgniter(Object(CodeIgniter\CodeIgniter))
#12 C:\xampp\htdocs\fs2025\codeigniter4-Blackwave\codeigniter4-framework-dbc07dc\public\index.php(59): CodeIgniter\Boot::bootWeb(Object(Config\Paths))
#13 {main}
CRITICAL - 2025-08-06 16:11:18 --> CodeIgniter\Database\Exceptions\DatabaseException: Cannot delete or update a parent row: a foreign key constraint fails (`fs2025_inventario`.`equipos`, CONSTRAINT `equipos_ibfk_3` FOREIGN KEY (`empleado_id`) REFERENCES `empleados` (`empleado_id`))
[Method: GET, Route: eliminarEmpleado/1]
in SYSTEMPATH\Database\BaseConnection.php on line 684.
 1 SYSTEMPATH\Database\BaseBuilder.php(2848): CodeIgniter\Database\BaseConnection->query('DELETE FROM `empleados`
WHERE `empleado_id` IN :empleado_id:', [...], false)
 2 SYSTEMPATH\Model.php(521): CodeIgniter\Database\BaseBuilder->delete()
 3 SYSTEMPATH\BaseModel.php(1152): CodeIgniter\Model->doDelete([...], false)
 4 APPPATH\Controllers\Home.php(53): CodeIgniter\BaseModel->delete([...])
 5 SYSTEMPATH\CodeIgniter.php(933): App\Controllers\Home->eliminarEmpleado(1)
 6 SYSTEMPATH\CodeIgniter.php(507): CodeIgniter\CodeIgniter->runController(Object(App\Controllers\Home))
 7 SYSTEMPATH\CodeIgniter.php(354): CodeIgniter\CodeIgniter->handleRequest(null, Object(Config\Cache), false)
 8 SYSTEMPATH\Boot.php(363): CodeIgniter\CodeIgniter->run()
 9 SYSTEMPATH\Boot.php(68): CodeIgniter\Boot::runCodeIgniter(Object(CodeIgniter\CodeIgniter))
10 FCPATH\index.php(59): CodeIgniter\Boot::bootWeb(Object(Config\Paths))
CRITICAL - 2025-08-06 16:11:18 --> [Caused by] CodeIgniter\Database\Exceptions\DatabaseException: Cannot delete or update a parent row: a foreign key constraint fails (`fs2025_inventario`.`equipos`, CONSTRAINT `equipos_ibfk_3` FOREIGN KEY (`empleado_id`) REFERENCES `empleados` (`empleado_id`))
in SYSTEMPATH\Database\MySQLi\Connection.php on line 332.
 1 SYSTEMPATH\Database\BaseConnection.php(729): CodeIgniter\Database\MySQLi\Connection->execute('DELETE FROM `empleados`
WHERE `empleado_id` IN (1)')
 2 SYSTEMPATH\Database\BaseConnection.php(646): CodeIgniter\Database\BaseConnection->simpleQuery('DELETE FROM `empleados`
WHERE `empleado_id` IN (1)')
 3 SYSTEMPATH\Database\BaseBuilder.php(2848): CodeIgniter\Database\BaseConnection->query('DELETE FROM `empleados`
WHERE `empleado_id` IN :empleado_id:', [...], false)
 4 SYSTEMPATH\Model.php(521): CodeIgniter\Database\BaseBuilder->delete()
 5 SYSTEMPATH\BaseModel.php(1152): CodeIgniter\Model->doDelete([...], false)
 6 APPPATH\Controllers\Home.php(53): CodeIgniter\BaseModel->delete([...])
 7 SYSTEMPATH\CodeIgniter.php(933): App\Controllers\Home->eliminarEmpleado(1)
 8 SYSTEMPATH\CodeIgniter.php(507): CodeIgniter\CodeIgniter->runController(Object(App\Controllers\Home))
 9 SYSTEMPATH\CodeIgniter.php(354): CodeIgniter\CodeIgniter->handleRequest(null, Object(Config\Cache), false)
10 SYSTEMPATH\Boot.php(363): CodeIgniter\CodeIgniter->run()
11 SYSTEMPATH\Boot.php(68): CodeIgniter\Boot::runCodeIgniter(Object(CodeIgniter\CodeIgniter))
12 FCPATH\index.php(59): CodeIgniter\Boot::bootWeb(Object(Config\Paths))
CRITICAL - 2025-08-06 16:11:18 --> [Caused by] mysqli_sql_exception: Cannot delete or update a parent row: a foreign key constraint fails (`fs2025_inventario`.`equipos`, CONSTRAINT `equipos_ibfk_3` FOREIGN KEY (`empleado_id`) REFERENCES `empleados` (`empleado_id`))
in SYSTEMPATH\Database\MySQLi\Connection.php on line 327.
 1 SYSTEMPATH\Database\MySQLi\Connection.php(327): mysqli->query('DELETE FROM `empleados`
WHERE `empleado_id` IN (1)', 0)
 2 SYSTEMPATH\Database\BaseConnection.php(729): CodeIgniter\Database\MySQLi\Connection->execute('DELETE FROM `empleados`
WHERE `empleado_id` IN (1)')
 3 SYSTEMPATH\Database\BaseConnection.php(646): CodeIgniter\Database\BaseConnection->simpleQuery('DELETE FROM `empleados`
WHERE `empleado_id` IN (1)')
 4 SYSTEMPATH\Database\BaseBuilder.php(2848): CodeIgniter\Database\BaseConnection->query('DELETE FROM `empleados`
WHERE `empleado_id` IN :empleado_id:', [...], false)
 5 SYSTEMPATH\Model.php(521): CodeIgniter\Database\BaseBuilder->delete()
 6 SYSTEMPATH\BaseModel.php(1152): CodeIgniter\Model->doDelete([...], false)
 7 APPPATH\Controllers\Home.php(53): CodeIgniter\BaseModel->delete([...])
 8 SYSTEMPATH\CodeIgniter.php(933): App\Controllers\Home->eliminarEmpleado(1)
 9 SYSTEMPATH\CodeIgniter.php(507): CodeIgniter\CodeIgniter->runController(Object(App\Controllers\Home))
10 SYSTEMPATH\CodeIgniter.php(354): CodeIgniter\CodeIgniter->handleRequest(null, Object(Config\Cache), false)
11 SYSTEMPATH\Boot.php(363): CodeIgniter\CodeIgniter->run()
12 SYSTEMPATH\Boot.php(68): CodeIgniter\Boot::runCodeIgniter(Object(CodeIgniter\CodeIgniter))
13 FCPATH\index.php(59): CodeIgniter\Boot::bootWeb(Object(Config\Paths))
CRITICAL - 2025-08-06 16:11:22 --> ErrorException: Undefined array key "fecha_nac"
[Method: GET, Route: buscarEmpleado/1]
in APPPATH\Views\modificarEmpleadosForm.php on line 49.
 1 APPPATH\Views\modificarEmpleadosForm.php(49): CodeIgniter\Debug\Exceptions->errorHandler(2, 'Undefined array key "fecha_nac"', 'C:\\xampp\\htdocs\\fs2025\\codeigniter4-Blackwave\\codeigniter4-framework-dbc07dc\\app\\Views\\modificarEmpleadosForm.php', 49)
 2 SYSTEMPATH\View\View.php(226): include('C:\\xampp\\htdocs\\fs2025\\codeigniter4-Blackwave\\codeigniter4-framework-dbc07dc\\app\\Views\\modificarEmpleadosForm.php')
 3 SYSTEMPATH\View\View.php(229): CodeIgniter\View\View->CodeIgniter\View\{closure}()
 4 SYSTEMPATH\Common.php(1167): CodeIgniter\View\View->render('modificarEmpleadosForm', [], true)
 5 APPPATH\Controllers\Home.php(60): view('modificarEmpleadosForm', [...])
 6 SYSTEMPATH\CodeIgniter.php(933): App\Controllers\Home->buscarEmpleado('1')
 7 SYSTEMPATH\CodeIgniter.php(507): CodeIgniter\CodeIgniter->runController(Object(App\Controllers\Home))
 8 SYSTEMPATH\CodeIgniter.php(354): CodeIgniter\CodeIgniter->handleRequest(null, Object(Config\Cache), false)
 9 SYSTEMPATH\Boot.php(363): CodeIgniter\CodeIgniter->run()
10 SYSTEMPATH\Boot.php(68): CodeIgniter\Boot::runCodeIgniter(Object(CodeIgniter\CodeIgniter))
11 FCPATH\index.php(59): CodeIgniter\Boot::bootWeb(Object(Config\Paths))
ERROR - 2025-08-06 16:11:58 --> mysqli_sql_exception: Cannot delete or update a parent row: a foreign key constraint fails (`fs2025_inventario`.`equipos`, CONSTRAINT `equipos_ibfk_3` FOREIGN KEY (`empleado_id`) REFERENCES `empleados` (`empleado_id`)) in C:\xampp\htdocs\fs2025\codeigniter4-Blackwave\codeigniter4-framework-dbc07dc\system\Database\MySQLi\Connection.php:327
Stack trace:
#0 C:\xampp\htdocs\fs2025\codeigniter4-Blackwave\codeigniter4-framework-dbc07dc\system\Database\MySQLi\Connection.php(327): mysqli->query('DELETE FROM `em...', 0)
#1 C:\xampp\htdocs\fs2025\codeigniter4-Blackwave\codeigniter4-framework-dbc07dc\system\Database\BaseConnection.php(729): CodeIgniter\Database\MySQLi\Connection->execute('DELETE FROM `em...')
#2 C:\xampp\htdocs\fs2025\codeigniter4-Blackwave\codeigniter4-framework-dbc07dc\system\Database\BaseConnection.php(646): CodeIgniter\Database\BaseConnection->simpleQuery('DELETE FROM `em...')
#3 C:\xampp\htdocs\fs2025\codeigniter4-Blackwave\codeigniter4-framework-dbc07dc\system\Database\BaseBuilder.php(2848): CodeIgniter\Database\BaseConnection->query('DELETE FROM `em...', Array, false)
#4 C:\xampp\htdocs\fs2025\codeigniter4-Blackwave\codeigniter4-framework-dbc07dc\system\Model.php(521): CodeIgniter\Database\BaseBuilder->delete()
#5 C:\xampp\htdocs\fs2025\codeigniter4-Blackwave\codeigniter4-framework-dbc07dc\system\BaseModel.php(1152): CodeIgniter\Model->doDelete(Array, false)
#6 C:\xampp\htdocs\fs2025\codeigniter4-Blackwave\codeigniter4-framework-dbc07dc\app\Controllers\Home.php(53): CodeIgniter\BaseModel->delete(Array)
#7 C:\xampp\htdocs\fs2025\codeigniter4-Blackwave\codeigniter4-framework-dbc07dc\system\CodeIgniter.php(933): App\Controllers\Home->eliminarEmpleado(1)
#8 C:\xampp\htdocs\fs2025\codeigniter4-Blackwave\codeigniter4-framework-dbc07dc\system\CodeIgniter.php(507): CodeIgniter\CodeIgniter->runController(Object(App\Controllers\Home))
#9 C:\xampp\htdocs\fs2025\codeigniter4-Blackwave\codeigniter4-framework-dbc07dc\system\CodeIgniter.php(354): CodeIgniter\CodeIgniter->handleRequest(NULL, Object(Config\Cache), false)
#10 C:\xampp\htdocs\fs2025\codeigniter4-Blackwave\codeigniter4-framework-dbc07dc\system\Boot.php(363): CodeIgniter\CodeIgniter->run()
#11 C:\xampp\htdocs\fs2025\codeigniter4-Blackwave\codeigniter4-framework-dbc07dc\system\Boot.php(68): CodeIgniter\Boot::runCodeIgniter(Object(CodeIgniter\CodeIgniter))
#12 C:\xampp\htdocs\fs2025\codeigniter4-Blackwave\codeigniter4-framework-dbc07dc\public\index.php(59): CodeIgniter\Boot::bootWeb(Object(Config\Paths))
#13 {main}
CRITICAL - 2025-08-06 16:11:58 --> CodeIgniter\Database\Exceptions\DatabaseException: Cannot delete or update a parent row: a foreign key constraint fails (`fs2025_inventario`.`equipos`, CONSTRAINT `equipos_ibfk_3` FOREIGN KEY (`empleado_id`) REFERENCES `empleados` (`empleado_id`))
[Method: GET, Route: eliminarEmpleado/1]
in SYSTEMPATH\Database\BaseConnection.php on line 684.
 1 SYSTEMPATH\Database\BaseBuilder.php(2848): CodeIgniter\Database\BaseConnection->query('DELETE FROM `empleados`
WHERE `empleado_id` IN :empleado_id:', [...], false)
 2 SYSTEMPATH\Model.php(521): CodeIgniter\Database\BaseBuilder->delete()
 3 SYSTEMPATH\BaseModel.php(1152): CodeIgniter\Model->doDelete([...], false)
 4 APPPATH\Controllers\Home.php(53): CodeIgniter\BaseModel->delete([...])
 5 SYSTEMPATH\CodeIgniter.php(933): App\Controllers\Home->eliminarEmpleado(1)
 6 SYSTEMPATH\CodeIgniter.php(507): CodeIgniter\CodeIgniter->runController(Object(App\Controllers\Home))
 7 SYSTEMPATH\CodeIgniter.php(354): CodeIgniter\CodeIgniter->handleRequest(null, Object(Config\Cache), false)
 8 SYSTEMPATH\Boot.php(363): CodeIgniter\CodeIgniter->run()
 9 SYSTEMPATH\Boot.php(68): CodeIgniter\Boot::runCodeIgniter(Object(CodeIgniter\CodeIgniter))
10 FCPATH\index.php(59): CodeIgniter\Boot::bootWeb(Object(Config\Paths))
CRITICAL - 2025-08-06 16:11:58 --> [Caused by] CodeIgniter\Database\Exceptions\DatabaseException: Cannot delete or update a parent row: a foreign key constraint fails (`fs2025_inventario`.`equipos`, CONSTRAINT `equipos_ibfk_3` FOREIGN KEY (`empleado_id`) REFERENCES `empleados` (`empleado_id`))
in SYSTEMPATH\Database\MySQLi\Connection.php on line 332.
 1 SYSTEMPATH\Database\BaseConnection.php(729): CodeIgniter\Database\MySQLi\Connection->execute('DELETE FROM `empleados`
WHERE `empleado_id` IN (1)')
 2 SYSTEMPATH\Database\BaseConnection.php(646): CodeIgniter\Database\BaseConnection->simpleQuery('DELETE FROM `empleados`
WHERE `empleado_id` IN (1)')
 3 SYSTEMPATH\Database\BaseBuilder.php(2848): CodeIgniter\Database\BaseConnection->query('DELETE FROM `empleados`
WHERE `empleado_id` IN :empleado_id:', [...], false)
 4 SYSTEMPATH\Model.php(521): CodeIgniter\Database\BaseBuilder->delete()
 5 SYSTEMPATH\BaseModel.php(1152): CodeIgniter\Model->doDelete([...], false)
 6 APPPATH\Controllers\Home.php(53): CodeIgniter\BaseModel->delete([...])
 7 SYSTEMPATH\CodeIgniter.php(933): App\Controllers\Home->eliminarEmpleado(1)
 8 SYSTEMPATH\CodeIgniter.php(507): CodeIgniter\CodeIgniter->runController(Object(App\Controllers\Home))
 9 SYSTEMPATH\CodeIgniter.php(354): CodeIgniter\CodeIgniter->handleRequest(null, Object(Config\Cache), false)
10 SYSTEMPATH\Boot.php(363): CodeIgniter\CodeIgniter->run()
11 SYSTEMPATH\Boot.php(68): CodeIgniter\Boot::runCodeIgniter(Object(CodeIgniter\CodeIgniter))
12 FCPATH\index.php(59): CodeIgniter\Boot::bootWeb(Object(Config\Paths))
CRITICAL - 2025-08-06 16:11:58 --> [Caused by] mysqli_sql_exception: Cannot delete or update a parent row: a foreign key constraint fails (`fs2025_inventario`.`equipos`, CONSTRAINT `equipos_ibfk_3` FOREIGN KEY (`empleado_id`) REFERENCES `empleados` (`empleado_id`))
in SYSTEMPATH\Database\MySQLi\Connection.php on line 327.
 1 SYSTEMPATH\Database\MySQLi\Connection.php(327): mysqli->query('DELETE FROM `empleados`
WHERE `empleado_id` IN (1)', 0)
 2 SYSTEMPATH\Database\BaseConnection.php(729): CodeIgniter\Database\MySQLi\Connection->execute('DELETE FROM `empleados`
WHERE `empleado_id` IN (1)')
 3 SYSTEMPATH\Database\BaseConnection.php(646): CodeIgniter\Database\BaseConnection->simpleQuery('DELETE FROM `empleados`
WHERE `empleado_id` IN (1)')
 4 SYSTEMPATH\Database\BaseBuilder.php(2848): CodeIgniter\Database\BaseConnection->query('DELETE FROM `empleados`
WHERE `empleado_id` IN :empleado_id:', [...], false)
 5 SYSTEMPATH\Model.php(521): CodeIgniter\Database\BaseBuilder->delete()
 6 SYSTEMPATH\BaseModel.php(1152): CodeIgniter\Model->doDelete([...], false)
 7 APPPATH\Controllers\Home.php(53): CodeIgniter\BaseModel->delete([...])
 8 SYSTEMPATH\CodeIgniter.php(933): App\Controllers\Home->eliminarEmpleado(1)
 9 SYSTEMPATH\CodeIgniter.php(507): CodeIgniter\CodeIgniter->runController(Object(App\Controllers\Home))
10 SYSTEMPATH\CodeIgniter.php(354): CodeIgniter\CodeIgniter->handleRequest(null, Object(Config\Cache), false)
11 SYSTEMPATH\Boot.php(363): CodeIgniter\CodeIgniter->run()
12 SYSTEMPATH\Boot.php(68): CodeIgniter\Boot::runCodeIgniter(Object(CodeIgniter\CodeIgniter))
13 FCPATH\index.php(59): CodeIgniter\Boot::bootWeb(Object(Config\Paths))
ERROR - 2025-08-06 16:13:26 --> mysqli_sql_exception: Cannot delete or update a parent row: a foreign key constraint fails (`fs2025_inventario`.`equipos`, CONSTRAINT `equipos_ibfk_3` FOREIGN KEY (`empleado_id`) REFERENCES `empleados` (`empleado_id`)) in C:\xampp\htdocs\fs2025\codeigniter4-Blackwave\codeigniter4-framework-dbc07dc\system\Database\MySQLi\Connection.php:327
Stack trace:
#0 C:\xampp\htdocs\fs2025\codeigniter4-Blackwave\codeigniter4-framework-dbc07dc\system\Database\MySQLi\Connection.php(327): mysqli->query('DELETE FROM `em...', 0)
#1 C:\xampp\htdocs\fs2025\codeigniter4-Blackwave\codeigniter4-framework-dbc07dc\system\Database\BaseConnection.php(729): CodeIgniter\Database\MySQLi\Connection->execute('DELETE FROM `em...')
#2 C:\xampp\htdocs\fs2025\codeigniter4-Blackwave\codeigniter4-framework-dbc07dc\system\Database\BaseConnection.php(646): CodeIgniter\Database\BaseConnection->simpleQuery('DELETE FROM `em...')
#3 C:\xampp\htdocs\fs2025\codeigniter4-Blackwave\codeigniter4-framework-dbc07dc\system\Database\BaseBuilder.php(2848): CodeIgniter\Database\BaseConnection->query('DELETE FROM `em...', Array, false)
#4 C:\xampp\htdocs\fs2025\codeigniter4-Blackwave\codeigniter4-framework-dbc07dc\system\Model.php(521): CodeIgniter\Database\BaseBuilder->delete()
#5 C:\xampp\htdocs\fs2025\codeigniter4-Blackwave\codeigniter4-framework-dbc07dc\system\BaseModel.php(1152): CodeIgniter\Model->doDelete(Array, false)
#6 C:\xampp\htdocs\fs2025\codeigniter4-Blackwave\codeigniter4-framework-dbc07dc\app\Controllers\Home.php(53): CodeIgniter\BaseModel->delete(Array)
#7 C:\xampp\htdocs\fs2025\codeigniter4-Blackwave\codeigniter4-framework-dbc07dc\system\CodeIgniter.php(933): App\Controllers\Home->eliminarEmpleado(1)
#8 C:\xampp\htdocs\fs2025\codeigniter4-Blackwave\codeigniter4-framework-dbc07dc\system\CodeIgniter.php(507): CodeIgniter\CodeIgniter->runController(Object(App\Controllers\Home))
#9 C:\xampp\htdocs\fs2025\codeigniter4-Blackwave\codeigniter4-framework-dbc07dc\system\CodeIgniter.php(354): CodeIgniter\CodeIgniter->handleRequest(NULL, Object(Config\Cache), false)
#10 C:\xampp\htdocs\fs2025\codeigniter4-Blackwave\codeigniter4-framework-dbc07dc\system\Boot.php(363): CodeIgniter\CodeIgniter->run()
#11 C:\xampp\htdocs\fs2025\codeigniter4-Blackwave\codeigniter4-framework-dbc07dc\system\Boot.php(68): CodeIgniter\Boot::runCodeIgniter(Object(CodeIgniter\CodeIgniter))
#12 C:\xampp\htdocs\fs2025\codeigniter4-Blackwave\codeigniter4-framework-dbc07dc\public\index.php(59): CodeIgniter\Boot::bootWeb(Object(Config\Paths))
#13 {main}
CRITICAL - 2025-08-06 16:13:26 --> CodeIgniter\Database\Exceptions\DatabaseException: Cannot delete or update a parent row: a foreign key constraint fails (`fs2025_inventario`.`equipos`, CONSTRAINT `equipos_ibfk_3` FOREIGN KEY (`empleado_id`) REFERENCES `empleados` (`empleado_id`))
[Method: GET, Route: eliminarEmpleado/1]
in SYSTEMPATH\Database\BaseConnection.php on line 684.
 1 SYSTEMPATH\Database\BaseBuilder.php(2848): CodeIgniter\Database\BaseConnection->query('DELETE FROM `empleados`
WHERE `empleado_id` IN :empleado_id:', [...], false)
 2 SYSTEMPATH\Model.php(521): CodeIgniter\Database\BaseBuilder->delete()
 3 SYSTEMPATH\BaseModel.php(1152): CodeIgniter\Model->doDelete([...], false)
 4 APPPATH\Controllers\Home.php(53): CodeIgniter\BaseModel->delete([...])
 5 SYSTEMPATH\CodeIgniter.php(933): App\Controllers\Home->eliminarEmpleado(1)
 6 SYSTEMPATH\CodeIgniter.php(507): CodeIgniter\CodeIgniter->runController(Object(App\Controllers\Home))
 7 SYSTEMPATH\CodeIgniter.php(354): CodeIgniter\CodeIgniter->handleRequest(null, Object(Config\Cache), false)
 8 SYSTEMPATH\Boot.php(363): CodeIgniter\CodeIgniter->run()
 9 SYSTEMPATH\Boot.php(68): CodeIgniter\Boot::runCodeIgniter(Object(CodeIgniter\CodeIgniter))
10 FCPATH\index.php(59): CodeIgniter\Boot::bootWeb(Object(Config\Paths))
CRITICAL - 2025-08-06 16:13:26 --> [Caused by] CodeIgniter\Database\Exceptions\DatabaseException: Cannot delete or update a parent row: a foreign key constraint fails (`fs2025_inventario`.`equipos`, CONSTRAINT `equipos_ibfk_3` FOREIGN KEY (`empleado_id`) REFERENCES `empleados` (`empleado_id`))
in SYSTEMPATH\Database\MySQLi\Connection.php on line 332.
 1 SYSTEMPATH\Database\BaseConnection.php(729): CodeIgniter\Database\MySQLi\Connection->execute('DELETE FROM `empleados`
WHERE `empleado_id` IN (1)')
 2 SYSTEMPATH\Database\BaseConnection.php(646): CodeIgniter\Database\BaseConnection->simpleQuery('DELETE FROM `empleados`
WHERE `empleado_id` IN (1)')
 3 SYSTEMPATH\Database\BaseBuilder.php(2848): CodeIgniter\Database\BaseConnection->query('DELETE FROM `empleados`
WHERE `empleado_id` IN :empleado_id:', [...], false)
 4 SYSTEMPATH\Model.php(521): CodeIgniter\Database\BaseBuilder->delete()
 5 SYSTEMPATH\BaseModel.php(1152): CodeIgniter\Model->doDelete([...], false)
 6 APPPATH\Controllers\Home.php(53): CodeIgniter\BaseModel->delete([...])
 7 SYSTEMPATH\CodeIgniter.php(933): App\Controllers\Home->eliminarEmpleado(1)
 8 SYSTEMPATH\CodeIgniter.php(507): CodeIgniter\CodeIgniter->runController(Object(App\Controllers\Home))
 9 SYSTEMPATH\CodeIgniter.php(354): CodeIgniter\CodeIgniter->handleRequest(null, Object(Config\Cache), false)
10 SYSTEMPATH\Boot.php(363): CodeIgniter\CodeIgniter->run()
11 SYSTEMPATH\Boot.php(68): CodeIgniter\Boot::runCodeIgniter(Object(CodeIgniter\CodeIgniter))
12 FCPATH\index.php(59): CodeIgniter\Boot::bootWeb(Object(Config\Paths))
CRITICAL - 2025-08-06 16:13:26 --> [Caused by] mysqli_sql_exception: Cannot delete or update a parent row: a foreign key constraint fails (`fs2025_inventario`.`equipos`, CONSTRAINT `equipos_ibfk_3` FOREIGN KEY (`empleado_id`) REFERENCES `empleados` (`empleado_id`))
in SYSTEMPATH\Database\MySQLi\Connection.php on line 327.
 1 SYSTEMPATH\Database\MySQLi\Connection.php(327): mysqli->query('DELETE FROM `empleados`
WHERE `empleado_id` IN (1)', 0)
 2 SYSTEMPATH\Database\BaseConnection.php(729): CodeIgniter\Database\MySQLi\Connection->execute('DELETE FROM `empleados`
WHERE `empleado_id` IN (1)')
 3 SYSTEMPATH\Database\BaseConnection.php(646): CodeIgniter\Database\BaseConnection->simpleQuery('DELETE FROM `empleados`
WHERE `empleado_id` IN (1)')
 4 SYSTEMPATH\Database\BaseBuilder.php(2848): CodeIgniter\Database\BaseConnection->query('DELETE FROM `empleados`
WHERE `empleado_id` IN :empleado_id:', [...], false)
 5 SYSTEMPATH\Model.php(521): CodeIgniter\Database\BaseBuilder->delete()
 6 SYSTEMPATH\BaseModel.php(1152): CodeIgniter\Model->doDelete([...], false)
 7 APPPATH\Controllers\Home.php(53): CodeIgniter\BaseModel->delete([...])
 8 SYSTEMPATH\CodeIgniter.php(933): App\Controllers\Home->eliminarEmpleado(1)
 9 SYSTEMPATH\CodeIgniter.php(507): CodeIgniter\CodeIgniter->runController(Object(App\Controllers\Home))
10 SYSTEMPATH\CodeIgniter.php(354): CodeIgniter\CodeIgniter->handleRequest(null, Object(Config\Cache), false)
11 SYSTEMPATH\Boot.php(363): CodeIgniter\CodeIgniter->run()
12 SYSTEMPATH\Boot.php(68): CodeIgniter\Boot::runCodeIgniter(Object(CodeIgniter\CodeIgniter))
13 FCPATH\index.php(59): CodeIgniter\Boot::bootWeb(Object(Config\Paths))
ERROR - 2025-08-06 16:14:20 --> mysqli_sql_exception: Cannot delete or update a parent row: a foreign key constraint fails (`fs2025_inventario`.`equipos`, CONSTRAINT `equipos_ibfk_3` FOREIGN KEY (`empleado_id`) REFERENCES `empleados` (`empleado_id`)) in C:\xampp\htdocs\fs2025\codeigniter4-Blackwave\codeigniter4-framework-dbc07dc\system\Database\MySQLi\Connection.php:327
Stack trace:
#0 C:\xampp\htdocs\fs2025\codeigniter4-Blackwave\codeigniter4-framework-dbc07dc\system\Database\MySQLi\Connection.php(327): mysqli->query('DELETE FROM `em...', 0)
#1 C:\xampp\htdocs\fs2025\codeigniter4-Blackwave\codeigniter4-framework-dbc07dc\system\Database\BaseConnection.php(729): CodeIgniter\Database\MySQLi\Connection->execute('DELETE FROM `em...')
#2 C:\xampp\htdocs\fs2025\codeigniter4-Blackwave\codeigniter4-framework-dbc07dc\system\Database\BaseConnection.php(646): CodeIgniter\Database\BaseConnection->simpleQuery('DELETE FROM `em...')
#3 C:\xampp\htdocs\fs2025\codeigniter4-Blackwave\codeigniter4-framework-dbc07dc\system\Database\BaseBuilder.php(2848): CodeIgniter\Database\BaseConnection->query('DELETE FROM `em...', Array, false)
#4 C:\xampp\htdocs\fs2025\codeigniter4-Blackwave\codeigniter4-framework-dbc07dc\system\Model.php(521): CodeIgniter\Database\BaseBuilder->delete()
#5 C:\xampp\htdocs\fs2025\codeigniter4-Blackwave\codeigniter4-framework-dbc07dc\system\BaseModel.php(1152): CodeIgniter\Model->doDelete(Array, false)
#6 C:\xampp\htdocs\fs2025\codeigniter4-Blackwave\codeigniter4-framework-dbc07dc\app\Controllers\Home.php(53): CodeIgniter\BaseModel->delete(Array)
#7 C:\xampp\htdocs\fs2025\codeigniter4-Blackwave\codeigniter4-framework-dbc07dc\system\CodeIgniter.php(933): App\Controllers\Home->eliminarEmpleado(2)
#8 C:\xampp\htdocs\fs2025\codeigniter4-Blackwave\codeigniter4-framework-dbc07dc\system\CodeIgniter.php(507): CodeIgniter\CodeIgniter->runController(Object(App\Controllers\Home))
#9 C:\xampp\htdocs\fs2025\codeigniter4-Blackwave\codeigniter4-framework-dbc07dc\system\CodeIgniter.php(354): CodeIgniter\CodeIgniter->handleRequest(NULL, Object(Config\Cache), false)
#10 C:\xampp\htdocs\fs2025\codeigniter4-Blackwave\codeigniter4-framework-dbc07dc\system\Boot.php(363): CodeIgniter\CodeIgniter->run()
#11 C:\xampp\htdocs\fs2025\codeigniter4-Blackwave\codeigniter4-framework-dbc07dc\system\Boot.php(68): CodeIgniter\Boot::runCodeIgniter(Object(CodeIgniter\CodeIgniter))
#12 C:\xampp\htdocs\fs2025\codeigniter4-Blackwave\codeigniter4-framework-dbc07dc\public\index.php(59): CodeIgniter\Boot::bootWeb(Object(Config\Paths))
#13 {main}
CRITICAL - 2025-08-06 16:14:20 --> CodeIgniter\Database\Exceptions\DatabaseException: Cannot delete or update a parent row: a foreign key constraint fails (`fs2025_inventario`.`equipos`, CONSTRAINT `equipos_ibfk_3` FOREIGN KEY (`empleado_id`) REFERENCES `empleados` (`empleado_id`))
[Method: GET, Route: eliminarEmpleado/2]
in SYSTEMPATH\Database\BaseConnection.php on line 684.
 1 SYSTEMPATH\Database\BaseBuilder.php(2848): CodeIgniter\Database\BaseConnection->query('DELETE FROM `empleados`
WHERE `empleado_id` IN :empleado_id:', [...], false)
 2 SYSTEMPATH\Model.php(521): CodeIgniter\Database\BaseBuilder->delete()
 3 SYSTEMPATH\BaseModel.php(1152): CodeIgniter\Model->doDelete([...], false)
 4 APPPATH\Controllers\Home.php(53): CodeIgniter\BaseModel->delete([...])
 5 SYSTEMPATH\CodeIgniter.php(933): App\Controllers\Home->eliminarEmpleado(2)
 6 SYSTEMPATH\CodeIgniter.php(507): CodeIgniter\CodeIgniter->runController(Object(App\Controllers\Home))
 7 SYSTEMPATH\CodeIgniter.php(354): CodeIgniter\CodeIgniter->handleRequest(null, Object(Config\Cache), false)
 8 SYSTEMPATH\Boot.php(363): CodeIgniter\CodeIgniter->run()
 9 SYSTEMPATH\Boot.php(68): CodeIgniter\Boot::runCodeIgniter(Object(CodeIgniter\CodeIgniter))
10 FCPATH\index.php(59): CodeIgniter\Boot::bootWeb(Object(Config\Paths))
CRITICAL - 2025-08-06 16:14:20 --> [Caused by] CodeIgniter\Database\Exceptions\DatabaseException: Cannot delete or update a parent row: a foreign key constraint fails (`fs2025_inventario`.`equipos`, CONSTRAINT `equipos_ibfk_3` FOREIGN KEY (`empleado_id`) REFERENCES `empleados` (`empleado_id`))
in SYSTEMPATH\Database\MySQLi\Connection.php on line 332.
 1 SYSTEMPATH\Database\BaseConnection.php(729): CodeIgniter\Database\MySQLi\Connection->execute('DELETE FROM `empleados`
WHERE `empleado_id` IN (2)')
 2 SYSTEMPATH\Database\BaseConnection.php(646): CodeIgniter\Database\BaseConnection->simpleQuery('DELETE FROM `empleados`
WHERE `empleado_id` IN (2)')
 3 SYSTEMPATH\Database\BaseBuilder.php(2848): CodeIgniter\Database\BaseConnection->query('DELETE FROM `empleados`
WHERE `empleado_id` IN :empleado_id:', [...], false)
 4 SYSTEMPATH\Model.php(521): CodeIgniter\Database\BaseBuilder->delete()
 5 SYSTEMPATH\BaseModel.php(1152): CodeIgniter\Model->doDelete([...], false)
 6 APPPATH\Controllers\Home.php(53): CodeIgniter\BaseModel->delete([...])
 7 SYSTEMPATH\CodeIgniter.php(933): App\Controllers\Home->eliminarEmpleado(2)
 8 SYSTEMPATH\CodeIgniter.php(507): CodeIgniter\CodeIgniter->runController(Object(App\Controllers\Home))
 9 SYSTEMPATH\CodeIgniter.php(354): CodeIgniter\CodeIgniter->handleRequest(null, Object(Config\Cache), false)
10 SYSTEMPATH\Boot.php(363): CodeIgniter\CodeIgniter->run()
11 SYSTEMPATH\Boot.php(68): CodeIgniter\Boot::runCodeIgniter(Object(CodeIgniter\CodeIgniter))
12 FCPATH\index.php(59): CodeIgniter\Boot::bootWeb(Object(Config\Paths))
CRITICAL - 2025-08-06 16:14:20 --> [Caused by] mysqli_sql_exception: Cannot delete or update a parent row: a foreign key constraint fails (`fs2025_inventario`.`equipos`, CONSTRAINT `equipos_ibfk_3` FOREIGN KEY (`empleado_id`) REFERENCES `empleados` (`empleado_id`))
in SYSTEMPATH\Database\MySQLi\Connection.php on line 327.
 1 SYSTEMPATH\Database\MySQLi\Connection.php(327): mysqli->query('DELETE FROM `empleados`
WHERE `empleado_id` IN (2)', 0)
 2 SYSTEMPATH\Database\BaseConnection.php(729): CodeIgniter\Database\MySQLi\Connection->execute('DELETE FROM `empleados`
WHERE `empleado_id` IN (2)')
 3 SYSTEMPATH\Database\BaseConnection.php(646): CodeIgniter\Database\BaseConnection->simpleQuery('DELETE FROM `empleados`
WHERE `empleado_id` IN (2)')
 4 SYSTEMPATH\Database\BaseBuilder.php(2848): CodeIgniter\Database\BaseConnection->query('DELETE FROM `empleados`
WHERE `empleado_id` IN :empleado_id:', [...], false)
 5 SYSTEMPATH\Model.php(521): CodeIgniter\Database\BaseBuilder->delete()
 6 SYSTEMPATH\BaseModel.php(1152): CodeIgniter\Model->doDelete([...], false)
 7 APPPATH\Controllers\Home.php(53): CodeIgniter\BaseModel->delete([...])
 8 SYSTEMPATH\CodeIgniter.php(933): App\Controllers\Home->eliminarEmpleado(2)
 9 SYSTEMPATH\CodeIgniter.php(507): CodeIgniter\CodeIgniter->runController(Object(App\Controllers\Home))
10 SYSTEMPATH\CodeIgniter.php(354): CodeIgniter\CodeIgniter->handleRequest(null, Object(Config\Cache), false)
11 SYSTEMPATH\Boot.php(363): CodeIgniter\CodeIgniter->run()
12 SYSTEMPATH\Boot.php(68): CodeIgniter\Boot::runCodeIgniter(Object(CodeIgniter\CodeIgniter))
13 FCPATH\index.php(59): CodeIgniter\Boot::bootWeb(Object(Config\Paths))
ERROR - 2025-08-06 19:51:45 --> mysqli_sql_exception: Table 'fs2025_inventario.puesto' doesn't exist in C:\xampp\htdocs\fs2025\codeigniter4-Blackwave\codeigniter4-framework-dbc07dc\system\Database\MySQLi\Connection.php:327
Stack trace:
#0 C:\xampp\htdocs\fs2025\codeigniter4-Blackwave\codeigniter4-framework-dbc07dc\system\Database\MySQLi\Connection.php(327): mysqli->query('SELECT *\nFROM `...', 0)
#1 C:\xampp\htdocs\fs2025\codeigniter4-Blackwave\codeigniter4-framework-dbc07dc\system\Database\BaseConnection.php(729): CodeIgniter\Database\MySQLi\Connection->execute('SELECT *\nFROM `...')
#2 C:\xampp\htdocs\fs2025\codeigniter4-Blackwave\codeigniter4-framework-dbc07dc\system\Database\BaseConnection.php(646): CodeIgniter\Database\BaseConnection->simpleQuery('SELECT *\nFROM `...')
#3 C:\xampp\htdocs\fs2025\codeigniter4-Blackwave\codeigniter4-framework-dbc07dc\system\Database\BaseBuilder.php(1649): CodeIgniter\Database\BaseConnection->query('SELECT *\nFROM `...', Array, false)
#4 C:\xampp\htdocs\fs2025\codeigniter4-Blackwave\codeigniter4-framework-dbc07dc\system\Model.php(286): CodeIgniter\Database\BaseBuilder->get()
#5 C:\xampp\htdocs\fs2025\codeigniter4-Blackwave\codeigniter4-framework-dbc07dc\system\BaseModel.php(677): CodeIgniter\Model->doFindAll(0, 0)
#6 C:\xampp\htdocs\fs2025\codeigniter4-Blackwave\codeigniter4-framework-dbc07dc\app\Controllers\Home.php(27): CodeIgniter\BaseModel->findAll()
#7 C:\xampp\htdocs\fs2025\codeigniter4-Blackwave\codeigniter4-framework-dbc07dc\system\CodeIgniter.php(933): App\Controllers\Home->puestos()
#8 C:\xampp\htdocs\fs2025\codeigniter4-Blackwave\codeigniter4-framework-dbc07dc\system\CodeIgniter.php(507): CodeIgniter\CodeIgniter->runController(Object(App\Controllers\Home))
#9 C:\xampp\htdocs\fs2025\codeigniter4-Blackwave\codeigniter4-framework-dbc07dc\system\CodeIgniter.php(354): CodeIgniter\CodeIgniter->handleRequest(NULL, Object(Config\Cache), false)
#10 C:\xampp\htdocs\fs2025\codeigniter4-Blackwave\codeigniter4-framework-dbc07dc\system\Boot.php(363): CodeIgniter\CodeIgniter->run()
#11 C:\xampp\htdocs\fs2025\codeigniter4-Blackwave\codeigniter4-framework-dbc07dc\system\Boot.php(68): CodeIgniter\Boot::runCodeIgniter(Object(CodeIgniter\CodeIgniter))
#12 C:\xampp\htdocs\fs2025\codeigniter4-Blackwave\codeigniter4-framework-dbc07dc\public\index.php(59): CodeIgniter\Boot::bootWeb(Object(Config\Paths))
#13 {main}
CRITICAL - 2025-08-06 19:51:46 --> CodeIgniter\Database\Exceptions\DatabaseException: Table 'fs2025_inventario.puesto' doesn't exist
[Method: GET, Route: puestos]
in SYSTEMPATH\Database\BaseConnection.php on line 684.
 1 SYSTEMPATH\Database\BaseBuilder.php(1649): CodeIgniter\Database\BaseConnection->query('SELECT *
FROM `puesto`', [], false)
 2 SYSTEMPATH\Model.php(286): CodeIgniter\Database\BaseBuilder->get()
 3 SYSTEMPATH\BaseModel.php(677): CodeIgniter\Model->doFindAll(0, 0)
 4 APPPATH\Controllers\Home.php(27): CodeIgniter\BaseModel->findAll()
 5 SYSTEMPATH\CodeIgniter.php(933): App\Controllers\Home->puestos()
 6 SYSTEMPATH\CodeIgniter.php(507): CodeIgniter\CodeIgniter->runController(Object(App\Controllers\Home))
 7 SYSTEMPATH\CodeIgniter.php(354): CodeIgniter\CodeIgniter->handleRequest(null, Object(Config\Cache), false)
 8 SYSTEMPATH\Boot.php(363): CodeIgniter\CodeIgniter->run()
 9 SYSTEMPATH\Boot.php(68): CodeIgniter\Boot::runCodeIgniter(Object(CodeIgniter\CodeIgniter))
10 FCPATH\index.php(59): CodeIgniter\Boot::bootWeb(Object(Config\Paths))
CRITICAL - 2025-08-06 19:51:46 --> [Caused by] CodeIgniter\Database\Exceptions\DatabaseException: Table 'fs2025_inventario.puesto' doesn't exist
in SYSTEMPATH\Database\MySQLi\Connection.php on line 332.
 1 SYSTEMPATH\Database\BaseConnection.php(729): CodeIgniter\Database\MySQLi\Connection->execute('SELECT *
FROM `puesto`')
 2 SYSTEMPATH\Database\BaseConnection.php(646): CodeIgniter\Database\BaseConnection->simpleQuery('SELECT *
FROM `puesto`')
 3 SYSTEMPATH\Database\BaseBuilder.php(1649): CodeIgniter\Database\BaseConnection->query('SELECT *
FROM `puesto`', [], false)
 4 SYSTEMPATH\Model.php(286): CodeIgniter\Database\BaseBuilder->get()
 5 SYSTEMPATH\BaseModel.php(677): CodeIgniter\Model->doFindAll(0, 0)
 6 APPPATH\Controllers\Home.php(27): CodeIgniter\BaseModel->findAll()
 7 SYSTEMPATH\CodeIgniter.php(933): App\Controllers\Home->puestos()
 8 SYSTEMPATH\CodeIgniter.php(507): CodeIgniter\CodeIgniter->runController(Object(App\Controllers\Home))
 9 SYSTEMPATH\CodeIgniter.php(354): CodeIgniter\CodeIgniter->handleRequest(null, Object(Config\Cache), false)
10 SYSTEMPATH\Boot.php(363): CodeIgniter\CodeIgniter->run()
11 SYSTEMPATH\Boot.php(68): CodeIgniter\Boot::runCodeIgniter(Object(CodeIgniter\CodeIgniter))
12 FCPATH\index.php(59): CodeIgniter\Boot::bootWeb(Object(Config\Paths))
CRITICAL - 2025-08-06 19:51:46 --> [Caused by] mysqli_sql_exception: Table 'fs2025_inventario.puesto' doesn't exist
in SYSTEMPATH\Database\MySQLi\Connection.php on line 327.
 1 SYSTEMPATH\Database\MySQLi\Connection.php(327): mysqli->query('SELECT *
FROM `puesto`', 0)
 2 SYSTEMPATH\Database\BaseConnection.php(729): CodeIgniter\Database\MySQLi\Connection->execute('SELECT *
FROM `puesto`')
 3 SYSTEMPATH\Database\BaseConnection.php(646): CodeIgniter\Database\BaseConnection->simpleQuery('SELECT *
FROM `puesto`')
 4 SYSTEMPATH\Database\BaseBuilder.php(1649): CodeIgniter\Database\BaseConnection->query('SELECT *
FROM `puesto`', [], false)
 5 SYSTEMPATH\Model.php(286): CodeIgniter\Database\BaseBuilder->get()
 6 SYSTEMPATH\BaseModel.php(677): CodeIgniter\Model->doFindAll(0, 0)
 7 APPPATH\Controllers\Home.php(27): CodeIgniter\BaseModel->findAll()
 8 SYSTEMPATH\CodeIgniter.php(933): App\Controllers\Home->puestos()
 9 SYSTEMPATH\CodeIgniter.php(507): CodeIgniter\CodeIgniter->runController(Object(App\Controllers\Home))
10 SYSTEMPATH\CodeIgniter.php(354): CodeIgniter\CodeIgniter->handleRequest(null, Object(Config\Cache), false)
11 SYSTEMPATH\Boot.php(363): CodeIgniter\CodeIgniter->run()
12 SYSTEMPATH\Boot.php(68): CodeIgniter\Boot::runCodeIgniter(Object(CodeIgniter\CodeIgniter))
13 FCPATH\index.php(59): CodeIgniter\Boot::bootWeb(Object(Config\Paths))
ERROR - 2025-08-06 19:51:58 --> mysqli_sql_exception: Table 'fs2025_inventario.puesto' doesn't exist in C:\xampp\htdocs\fs2025\codeigniter4-Blackwave\codeigniter4-framework-dbc07dc\system\Database\MySQLi\Connection.php:327
Stack trace:
#0 C:\xampp\htdocs\fs2025\codeigniter4-Blackwave\codeigniter4-framework-dbc07dc\system\Database\MySQLi\Connection.php(327): mysqli->query('SELECT *\nFROM `...', 0)
#1 C:\xampp\htdocs\fs2025\codeigniter4-Blackwave\codeigniter4-framework-dbc07dc\system\Database\BaseConnection.php(729): CodeIgniter\Database\MySQLi\Connection->execute('SELECT *\nFROM `...')
#2 C:\xampp\htdocs\fs2025\codeigniter4-Blackwave\codeigniter4-framework-dbc07dc\system\Database\BaseConnection.php(646): CodeIgniter\Database\BaseConnection->simpleQuery('SELECT *\nFROM `...')
#3 C:\xampp\htdocs\fs2025\codeigniter4-Blackwave\codeigniter4-framework-dbc07dc\system\Database\BaseBuilder.php(1649): CodeIgniter\Database\BaseConnection->query('SELECT *\nFROM `...', Array, false)
#4 C:\xampp\htdocs\fs2025\codeigniter4-Blackwave\codeigniter4-framework-dbc07dc\system\Model.php(286): CodeIgniter\Database\BaseBuilder->get()
#5 C:\xampp\htdocs\fs2025\codeigniter4-Blackwave\codeigniter4-framework-dbc07dc\system\BaseModel.php(677): CodeIgniter\Model->doFindAll(0, 0)
#6 C:\xampp\htdocs\fs2025\codeigniter4-Blackwave\codeigniter4-framework-dbc07dc\app\Controllers\Home.php(27): CodeIgniter\BaseModel->findAll()
#7 C:\xampp\htdocs\fs2025\codeigniter4-Blackwave\codeigniter4-framework-dbc07dc\system\CodeIgniter.php(933): App\Controllers\Home->puestos()
#8 C:\xampp\htdocs\fs2025\codeigniter4-Blackwave\codeigniter4-framework-dbc07dc\system\CodeIgniter.php(507): CodeIgniter\CodeIgniter->runController(Object(App\Controllers\Home))
#9 C:\xampp\htdocs\fs2025\codeigniter4-Blackwave\codeigniter4-framework-dbc07dc\system\CodeIgniter.php(354): CodeIgniter\CodeIgniter->handleRequest(NULL, Object(Config\Cache), false)
#10 C:\xampp\htdocs\fs2025\codeigniter4-Blackwave\codeigniter4-framework-dbc07dc\system\Boot.php(363): CodeIgniter\CodeIgniter->run()
#11 C:\xampp\htdocs\fs2025\codeigniter4-Blackwave\codeigniter4-framework-dbc07dc\system\Boot.php(68): CodeIgniter\Boot::runCodeIgniter(Object(CodeIgniter\CodeIgniter))
#12 C:\xampp\htdocs\fs2025\codeigniter4-Blackwave\codeigniter4-framework-dbc07dc\public\index.php(59): CodeIgniter\Boot::bootWeb(Object(Config\Paths))
#13 {main}
CRITICAL - 2025-08-06 19:51:58 --> CodeIgniter\Database\Exceptions\DatabaseException: Table 'fs2025_inventario.puesto' doesn't exist
[Method: GET, Route: puestos]
in SYSTEMPATH\Database\BaseConnection.php on line 684.
 1 SYSTEMPATH\Database\BaseBuilder.php(1649): CodeIgniter\Database\BaseConnection->query('SELECT *
FROM `puesto`', [], false)
 2 SYSTEMPATH\Model.php(286): CodeIgniter\Database\BaseBuilder->get()
 3 SYSTEMPATH\BaseModel.php(677): CodeIgniter\Model->doFindAll(0, 0)
 4 APPPATH\Controllers\Home.php(27): CodeIgniter\BaseModel->findAll()
 5 SYSTEMPATH\CodeIgniter.php(933): App\Controllers\Home->puestos()
 6 SYSTEMPATH\CodeIgniter.php(507): CodeIgniter\CodeIgniter->runController(Object(App\Controllers\Home))
 7 SYSTEMPATH\CodeIgniter.php(354): CodeIgniter\CodeIgniter->handleRequest(null, Object(Config\Cache), false)
 8 SYSTEMPATH\Boot.php(363): CodeIgniter\CodeIgniter->run()
 9 SYSTEMPATH\Boot.php(68): CodeIgniter\Boot::runCodeIgniter(Object(CodeIgniter\CodeIgniter))
10 FCPATH\index.php(59): CodeIgniter\Boot::bootWeb(Object(Config\Paths))
CRITICAL - 2025-08-06 19:51:58 --> [Caused by] CodeIgniter\Database\Exceptions\DatabaseException: Table 'fs2025_inventario.puesto' doesn't exist
in SYSTEMPATH\Database\MySQLi\Connection.php on line 332.
 1 SYSTEMPATH\Database\BaseConnection.php(729): CodeIgniter\Database\MySQLi\Connection->execute('SELECT *
FROM `puesto`')
 2 SYSTEMPATH\Database\BaseConnection.php(646): CodeIgniter\Database\BaseConnection->simpleQuery('SELECT *
FROM `puesto`')
 3 SYSTEMPATH\Database\BaseBuilder.php(1649): CodeIgniter\Database\BaseConnection->query('SELECT *
FROM `puesto`', [], false)
 4 SYSTEMPATH\Model.php(286): CodeIgniter\Database\BaseBuilder->get()
 5 SYSTEMPATH\BaseModel.php(677): CodeIgniter\Model->doFindAll(0, 0)
 6 APPPATH\Controllers\Home.php(27): CodeIgniter\BaseModel->findAll()
 7 SYSTEMPATH\CodeIgniter.php(933): App\Controllers\Home->puestos()
 8 SYSTEMPATH\CodeIgniter.php(507): CodeIgniter\CodeIgniter->runController(Object(App\Controllers\Home))
 9 SYSTEMPATH\CodeIgniter.php(354): CodeIgniter\CodeIgniter->handleRequest(null, Object(Config\Cache), false)
10 SYSTEMPATH\Boot.php(363): CodeIgniter\CodeIgniter->run()
11 SYSTEMPATH\Boot.php(68): CodeIgniter\Boot::runCodeIgniter(Object(CodeIgniter\CodeIgniter))
12 FCPATH\index.php(59): CodeIgniter\Boot::bootWeb(Object(Config\Paths))
CRITICAL - 2025-08-06 19:51:58 --> [Caused by] mysqli_sql_exception: Table 'fs2025_inventario.puesto' doesn't exist
in SYSTEMPATH\Database\MySQLi\Connection.php on line 327.
 1 SYSTEMPATH\Database\MySQLi\Connection.php(327): mysqli->query('SELECT *
FROM `puesto`', 0)
 2 SYSTEMPATH\Database\BaseConnection.php(729): CodeIgniter\Database\MySQLi\Connection->execute('SELECT *
FROM `puesto`')
 3 SYSTEMPATH\Database\BaseConnection.php(646): CodeIgniter\Database\BaseConnection->simpleQuery('SELECT *
FROM `puesto`')
 4 SYSTEMPATH\Database\BaseBuilder.php(1649): CodeIgniter\Database\BaseConnection->query('SELECT *
FROM `puesto`', [], false)
 5 SYSTEMPATH\Model.php(286): CodeIgniter\Database\BaseBuilder->get()
 6 SYSTEMPATH\BaseModel.php(677): CodeIgniter\Model->doFindAll(0, 0)
 7 APPPATH\Controllers\Home.php(27): CodeIgniter\BaseModel->findAll()
 8 SYSTEMPATH\CodeIgniter.php(933): App\Controllers\Home->puestos()
 9 SYSTEMPATH\CodeIgniter.php(507): CodeIgniter\CodeIgniter->runController(Object(App\Controllers\Home))
10 SYSTEMPATH\CodeIgniter.php(354): CodeIgniter\CodeIgniter->handleRequest(null, Object(Config\Cache), false)
11 SYSTEMPATH\Boot.php(363): CodeIgniter\CodeIgniter->run()
12 SYSTEMPATH\Boot.php(68): CodeIgniter\Boot::runCodeIgniter(Object(CodeIgniter\CodeIgniter))
13 FCPATH\index.php(59): CodeIgniter\Boot::bootWeb(Object(Config\Paths))
