CRITICAL - 2025-07-31 14:43:54 --> ErrorException: Undefined array key "puest_id"
[Method: GET, Route: puestos]
in APPPATH\Views\vista_puesto.php on line 21.
 1 APPPATH\Views\vista_puesto.php(21): CodeIgniter\Debug\Exceptions->errorHandler(2, 'Undefined array key "puest_id"', 'C:\\xampp\\htdocs\\fs2025\\codeigniter4-Blackwave\\codeigniter4-framework-dbc07dc\\app\\Views\\vista_puesto.php', 21)
 2 SYSTEMPATH\View\View.php(226): include('C:\\xampp\\htdocs\\fs2025\\codeigniter4-Blackwave\\codeigniter4-framework-dbc07dc\\app\\Views\\vista_puesto.php')
 3 SYSTEMPATH\View\View.php(229): CodeIgniter\View\View->CodeIgniter\View\{closure}()
 4 SYSTEMPATH\Common.php(1167): CodeIgniter\View\View->render('vista_puesto', [], true)
 5 APPPATH\Controllers\Home.php(28): view('vista_puesto', [...])
 6 SYSTEMPATH\CodeIgniter.php(933): App\Controllers\Home->puestos()
 7 SYSTEMPATH\CodeIgniter.php(507): CodeIgniter\CodeIgniter->runController(Object(App\Controllers\Home))
 8 SYSTEMPATH\CodeIgniter.php(354): CodeIgniter\CodeIgniter->handleRequest(null, Object(Config\Cache), false)
 9 SYSTEMPATH\Boot.php(363): CodeIgniter\CodeIgniter->run()
10 SYSTEMPATH\Boot.php(68): CodeIgniter\Boot::runCodeIgniter(Object(CodeIgniter\CodeIgniter))
11 FCPATH\index.php(59): CodeIgniter\Boot::bootWeb(Object(Config\Paths))
CRITICAL - 2025-07-31 15:32:03 --> ErrorException: Undefined variable $puestos
[Method: GET, Route: empleados]
in APPPATH\Views\vista_emplados.php on line 57.
 1 APPPATH\Views\vista_emplados.php(57): CodeIgniter\Debug\Exceptions->errorHandler(2, 'Undefined variable $puestos', 'C:\\xampp\\htdocs\\fs2025\\codeigniter4-Blackwave\\codeigniter4-framework-dbc07dc\\app\\Views\\vista_emplados.php', 57)
 2 SYSTEMPATH\View\View.php(226): include('C:\\xampp\\htdocs\\fs2025\\codeigniter4-Blackwave\\codeigniter4-framework-dbc07dc\\app\\Views\\vista_emplados.php')
 3 SYSTEMPATH\View\View.php(229): CodeIgniter\View\View->CodeIgniter\View\{closure}()
 4 SYSTEMPATH\Common.php(1167): CodeIgniter\View\View->render('vista_emplados', [], true)
 5 APPPATH\Controllers\Home.php(19): view('vista_emplados', [...])
 6 SYSTEMPATH\CodeIgniter.php(933): App\Controllers\Home->empleados()
 7 SYSTEMPATH\CodeIgniter.php(507): CodeIgniter\CodeIgniter->runController(Object(App\Controllers\Home))
 8 SYSTEMPATH\CodeIgniter.php(354): CodeIgniter\CodeIgniter->handleRequest(null, Object(Config\Cache), false)
 9 SYSTEMPATH\Boot.php(363): CodeIgniter\CodeIgniter->run()
10 SYSTEMPATH\Boot.php(68): CodeIgniter\Boot::runCodeIgniter(Object(CodeIgniter\CodeIgniter))
11 FCPATH\index.php(59): CodeIgniter\Boot::bootWeb(Object(Config\Paths))
CRITICAL - 2025-07-31 15:58:35 --> TypeError: App\Controllers\Home::agregarEmplado(): Return value must be of type string, CodeIgniter\HTTP\RedirectResponse returned
[Method: POST, Route: agregarEmpleado]
in APPPATH\Controllers\Home.php on line 46.
 1 SYSTEMPATH\CodeIgniter.php(933): App\Controllers\Home->agregarEmplado()
 2 SYSTEMPATH\CodeIgniter.php(507): CodeIgniter\CodeIgniter->runController(Object(App\Controllers\Home))
 3 SYSTEMPATH\CodeIgniter.php(354): CodeIgniter\CodeIgniter->handleRequest(null, Object(Config\Cache), false)
 4 SYSTEMPATH\Boot.php(363): CodeIgniter\CodeIgniter->run()
 5 SYSTEMPATH\Boot.php(68): CodeIgniter\Boot::runCodeIgniter(Object(CodeIgniter\CodeIgniter))
 6 FCPATH\index.php(59): CodeIgniter\Boot::bootWeb(Object(Config\Paths))
ERROR - 2025-07-31 15:59:18 --> mysqli_sql_exception: Duplicate entry '20' for key 'PRIMARY' in C:\xampp\htdocs\fs2025\codeigniter4-Blackwave\codeigniter4-framework-dbc07dc\system\Database\MySQLi\Connection.php:327
Stack trace:
#0 C:\xampp\htdocs\fs2025\codeigniter4-Blackwave\codeigniter4-framework-dbc07dc\system\Database\MySQLi\Connection.php(327): mysqli->query('INSERT INTO `em...', 0)
#1 C:\xampp\htdocs\fs2025\codeigniter4-Blackwave\codeigniter4-framework-dbc07dc\system\Database\BaseConnection.php(729): CodeIgniter\Database\MySQLi\Connection->execute('INSERT INTO `em...')
#2 C:\xampp\htdocs\fs2025\codeigniter4-Blackwave\codeigniter4-framework-dbc07dc\system\Database\BaseConnection.php(646): CodeIgniter\Database\BaseConnection->simpleQuery('INSERT INTO `em...')
#3 C:\xampp\htdocs\fs2025\codeigniter4-Blackwave\codeigniter4-framework-dbc07dc\system\Database\BaseBuilder.php(2345): CodeIgniter\Database\BaseConnection->query('INSERT INTO `em...', Array, false)
#4 C:\xampp\htdocs\fs2025\codeigniter4-Blackwave\codeigniter4-framework-dbc07dc\system\Model.php(394): CodeIgniter\Database\BaseBuilder->insert()
#5 C:\xampp\htdocs\fs2025\codeigniter4-Blackwave\codeigniter4-framework-dbc07dc\system\BaseModel.php(838): CodeIgniter\Model->doInsert(Array)
#6 C:\xampp\htdocs\fs2025\codeigniter4-Blackwave\codeigniter4-framework-dbc07dc\system\Model.php(797): CodeIgniter\BaseModel->insert(Array, true)
#7 C:\xampp\htdocs\fs2025\codeigniter4-Blackwave\codeigniter4-framework-dbc07dc\app\Controllers\Home.php(44): CodeIgniter\Model->insert(Array)
#8 C:\xampp\htdocs\fs2025\codeigniter4-Blackwave\codeigniter4-framework-dbc07dc\system\CodeIgniter.php(933): App\Controllers\Home->agregarEmplado()
#9 C:\xampp\htdocs\fs2025\codeigniter4-Blackwave\codeigniter4-framework-dbc07dc\system\CodeIgniter.php(507): CodeIgniter\CodeIgniter->runController(Object(App\Controllers\Home))
#10 C:\xampp\htdocs\fs2025\codeigniter4-Blackwave\codeigniter4-framework-dbc07dc\system\CodeIgniter.php(354): CodeIgniter\CodeIgniter->handleRequest(NULL, Object(Config\Cache), false)
#11 C:\xampp\htdocs\fs2025\codeigniter4-Blackwave\codeigniter4-framework-dbc07dc\system\Boot.php(363): CodeIgniter\CodeIgniter->run()
#12 C:\xampp\htdocs\fs2025\codeigniter4-Blackwave\codeigniter4-framework-dbc07dc\system\Boot.php(68): CodeIgniter\Boot::runCodeIgniter(Object(CodeIgniter\CodeIgniter))
#13 C:\xampp\htdocs\fs2025\codeigniter4-Blackwave\codeigniter4-framework-dbc07dc\public\index.php(59): CodeIgniter\Boot::bootWeb(Object(Config\Paths))
#14 {main}
CRITICAL - 2025-07-31 15:59:18 --> CodeIgniter\Database\Exceptions\DatabaseException: Duplicate entry '20' for key 'PRIMARY'
[Method: POST, Route: agregarEmpleado]
in SYSTEMPATH\Database\BaseConnection.php on line 684.
 1 SYSTEMPATH\Database\BaseBuilder.php(2345): CodeIgniter\Database\BaseConnection->query('INSERT INTO `emplados` (`empleado_id`, `nombre`, `apellido`, `telefono`, `puesto_id`, `fecha_nac`) VALUES (:empleado_id:, :nombre:, :apellido:, :telefono:, :puesto_id:, :fecha_nac:)', [...], false)
 2 SYSTEMPATH\Model.php(394): CodeIgniter\Database\BaseBuilder->insert()
 3 SYSTEMPATH\BaseModel.php(838): CodeIgniter\Model->doInsert([...])
 4 SYSTEMPATH\Model.php(797): CodeIgniter\BaseModel->insert([...], true)
 5 APPPATH\Controllers\Home.php(44): CodeIgniter\Model->insert([...])
 6 SYSTEMPATH\CodeIgniter.php(933): App\Controllers\Home->agregarEmplado()
 7 SYSTEMPATH\CodeIgniter.php(507): CodeIgniter\CodeIgniter->runController(Object(App\Controllers\Home))
 8 SYSTEMPATH\CodeIgniter.php(354): CodeIgniter\CodeIgniter->handleRequest(null, Object(Config\Cache), false)
 9 SYSTEMPATH\Boot.php(363): CodeIgniter\CodeIgniter->run()
10 SYSTEMPATH\Boot.php(68): CodeIgniter\Boot::runCodeIgniter(Object(CodeIgniter\CodeIgniter))
11 FCPATH\index.php(59): CodeIgniter\Boot::bootWeb(Object(Config\Paths))
CRITICAL - 2025-07-31 15:59:18 --> [Caused by] CodeIgniter\Database\Exceptions\DatabaseException: Duplicate entry '20' for key 'PRIMARY'
in SYSTEMPATH\Database\MySQLi\Connection.php on line 332.
 1 SYSTEMPATH\Database\BaseConnection.php(729): CodeIgniter\Database\MySQLi\Connection->execute('INSERT INTO `emplados` (`empleado_id`, `nombre`, `apellido`, `telefono`, `puesto_id`, `fecha_nac`) VALUES (\'20\', \'Pato\', \'Quaso\', \'25206010\', \'5\', \'2008-06-20\')')
 2 SYSTEMPATH\Database\BaseConnection.php(646): CodeIgniter\Database\BaseConnection->simpleQuery('INSERT INTO `emplados` (`empleado_id`, `nombre`, `apellido`, `telefono`, `puesto_id`, `fecha_nac`) VALUES (\'20\', \'Pato\', \'Quaso\', \'25206010\', \'5\', \'2008-06-20\')')
 3 SYSTEMPATH\Database\BaseBuilder.php(2345): CodeIgniter\Database\BaseConnection->query('INSERT INTO `emplados` (`empleado_id`, `nombre`, `apellido`, `telefono`, `puesto_id`, `fecha_nac`) VALUES (:empleado_id:, :nombre:, :apellido:, :telefono:, :puesto_id:, :fecha_nac:)', [...], false)
 4 SYSTEMPATH\Model.php(394): CodeIgniter\Database\BaseBuilder->insert()
 5 SYSTEMPATH\BaseModel.php(838): CodeIgniter\Model->doInsert([...])
 6 SYSTEMPATH\Model.php(797): CodeIgniter\BaseModel->insert([...], true)
 7 APPPATH\Controllers\Home.php(44): CodeIgniter\Model->insert([...])
 8 SYSTEMPATH\CodeIgniter.php(933): App\Controllers\Home->agregarEmplado()
 9 SYSTEMPATH\CodeIgniter.php(507): CodeIgniter\CodeIgniter->runController(Object(App\Controllers\Home))
10 SYSTEMPATH\CodeIgniter.php(354): CodeIgniter\CodeIgniter->handleRequest(null, Object(Config\Cache), false)
11 SYSTEMPATH\Boot.php(363): CodeIgniter\CodeIgniter->run()
12 SYSTEMPATH\Boot.php(68): CodeIgniter\Boot::runCodeIgniter(Object(CodeIgniter\CodeIgniter))
13 FCPATH\index.php(59): CodeIgniter\Boot::bootWeb(Object(Config\Paths))
CRITICAL - 2025-07-31 15:59:18 --> [Caused by] mysqli_sql_exception: Duplicate entry '20' for key 'PRIMARY'
in SYSTEMPATH\Database\MySQLi\Connection.php on line 327.
 1 SYSTEMPATH\Database\MySQLi\Connection.php(327): mysqli->query('INSERT INTO `emplados` (`empleado_id`, `nombre`, `apellido`, `telefono`, `puesto_id`, `fecha_nac`) VALUES (\'20\', \'Pato\', \'Quaso\', \'25206010\', \'5\', \'2008-06-20\')', 0)
 2 SYSTEMPATH\Database\BaseConnection.php(729): CodeIgniter\Database\MySQLi\Connection->execute('INSERT INTO `emplados` (`empleado_id`, `nombre`, `apellido`, `telefono`, `puesto_id`, `fecha_nac`) VALUES (\'20\', \'Pato\', \'Quaso\', \'25206010\', \'5\', \'2008-06-20\')')
 3 SYSTEMPATH\Database\BaseConnection.php(646): CodeIgniter\Database\BaseConnection->simpleQuery('INSERT INTO `emplados` (`empleado_id`, `nombre`, `apellido`, `telefono`, `puesto_id`, `fecha_nac`) VALUES (\'20\', \'Pato\', \'Quaso\', \'25206010\', \'5\', \'2008-06-20\')')
 4 SYSTEMPATH\Database\BaseBuilder.php(2345): CodeIgniter\Database\BaseConnection->query('INSERT INTO `emplados` (`empleado_id`, `nombre`, `apellido`, `telefono`, `puesto_id`, `fecha_nac`) VALUES (:empleado_id:, :nombre:, :apellido:, :telefono:, :puesto_id:, :fecha_nac:)', [...], false)
 5 SYSTEMPATH\Model.php(394): CodeIgniter\Database\BaseBuilder->insert()
 6 SYSTEMPATH\BaseModel.php(838): CodeIgniter\Model->doInsert([...])
 7 SYSTEMPATH\Model.php(797): CodeIgniter\BaseModel->insert([...], true)
 8 APPPATH\Controllers\Home.php(44): CodeIgniter\Model->insert([...])
 9 SYSTEMPATH\CodeIgniter.php(933): App\Controllers\Home->agregarEmplado()
10 SYSTEMPATH\CodeIgniter.php(507): CodeIgniter\CodeIgniter->runController(Object(App\Controllers\Home))
11 SYSTEMPATH\CodeIgniter.php(354): CodeIgniter\CodeIgniter->handleRequest(null, Object(Config\Cache), false)
12 SYSTEMPATH\Boot.php(363): CodeIgniter\CodeIgniter->run()
13 SYSTEMPATH\Boot.php(68): CodeIgniter\Boot::runCodeIgniter(Object(CodeIgniter\CodeIgniter))
14 FCPATH\index.php(59): CodeIgniter\Boot::bootWeb(Object(Config\Paths))
CRITICAL - 2025-07-31 16:00:07 --> Error: Call to undefined function App\Controllers\empleadosModel()
[Method: POST, Route: agregarEmpleado]
in APPPATH\Controllers\Home.php on line 33.
 1 SYSTEMPATH\CodeIgniter.php(933): App\Controllers\Home->agregarEmplado()
 2 SYSTEMPATH\CodeIgniter.php(507): CodeIgniter\CodeIgniter->runController(Object(App\Controllers\Home))
 3 SYSTEMPATH\CodeIgniter.php(354): CodeIgniter\CodeIgniter->handleRequest(null, Object(Config\Cache), false)
 4 SYSTEMPATH\Boot.php(363): CodeIgniter\CodeIgniter->run()
 5 SYSTEMPATH\Boot.php(68): CodeIgniter\Boot::runCodeIgniter(Object(CodeIgniter\CodeIgniter))
 6 FCPATH\index.php(59): CodeIgniter\Boot::bootWeb(Object(Config\Paths))
CRITICAL - 2025-07-31 16:04:33 --> Error: Call to undefined function App\Controllers\empleadosModel()
[Method: POST, Route: agregarEmpleado]
in APPPATH\Controllers\Home.php on line 33.
 1 SYSTEMPATH\CodeIgniter.php(933): App\Controllers\Home->agregarEmplado()
 2 SYSTEMPATH\CodeIgniter.php(507): CodeIgniter\CodeIgniter->runController(Object(App\Controllers\Home))
 3 SYSTEMPATH\CodeIgniter.php(354): CodeIgniter\CodeIgniter->handleRequest(null, Object(Config\Cache), false)
 4 SYSTEMPATH\Boot.php(363): CodeIgniter\CodeIgniter->run()
 5 SYSTEMPATH\Boot.php(68): CodeIgniter\Boot::runCodeIgniter(Object(CodeIgniter\CodeIgniter))
 6 FCPATH\index.php(59): CodeIgniter\Boot::bootWeb(Object(Config\Paths))
ERROR - 2025-07-31 16:10:57 --> mysqli_sql_exception: Duplicate entry '20' for key 'PRIMARY' in C:\xampp\htdocs\fs2025\codeigniter4-Blackwave\codeigniter4-framework-dbc07dc\system\Database\MySQLi\Connection.php:327
Stack trace:
#0 C:\xampp\htdocs\fs2025\codeigniter4-Blackwave\codeigniter4-framework-dbc07dc\system\Database\MySQLi\Connection.php(327): mysqli->query('INSERT INTO `em...', 0)
#1 C:\xampp\htdocs\fs2025\codeigniter4-Blackwave\codeigniter4-framework-dbc07dc\system\Database\BaseConnection.php(729): CodeIgniter\Database\MySQLi\Connection->execute('INSERT INTO `em...')
#2 C:\xampp\htdocs\fs2025\codeigniter4-Blackwave\codeigniter4-framework-dbc07dc\system\Database\BaseConnection.php(646): CodeIgniter\Database\BaseConnection->simpleQuery('INSERT INTO `em...')
#3 C:\xampp\htdocs\fs2025\codeigniter4-Blackwave\codeigniter4-framework-dbc07dc\system\Database\BaseBuilder.php(2345): CodeIgniter\Database\BaseConnection->query('INSERT INTO `em...', Array, false)
#4 C:\xampp\htdocs\fs2025\codeigniter4-Blackwave\codeigniter4-framework-dbc07dc\system\Model.php(394): CodeIgniter\Database\BaseBuilder->insert()
#5 C:\xampp\htdocs\fs2025\codeigniter4-Blackwave\codeigniter4-framework-dbc07dc\system\BaseModel.php(838): CodeIgniter\Model->doInsert(Array)
#6 C:\xampp\htdocs\fs2025\codeigniter4-Blackwave\codeigniter4-framework-dbc07dc\system\Model.php(797): CodeIgniter\BaseModel->insert(Array, true)
#7 C:\xampp\htdocs\fs2025\codeigniter4-Blackwave\codeigniter4-framework-dbc07dc\app\Controllers\Home.php(43): CodeIgniter\Model->insert(Array)
#8 C:\xampp\htdocs\fs2025\codeigniter4-Blackwave\codeigniter4-framework-dbc07dc\system\CodeIgniter.php(933): App\Controllers\Home->agregarEmplado()
#9 C:\xampp\htdocs\fs2025\codeigniter4-Blackwave\codeigniter4-framework-dbc07dc\system\CodeIgniter.php(507): CodeIgniter\CodeIgniter->runController(Object(App\Controllers\Home))
#10 C:\xampp\htdocs\fs2025\codeigniter4-Blackwave\codeigniter4-framework-dbc07dc\system\CodeIgniter.php(354): CodeIgniter\CodeIgniter->handleRequest(NULL, Object(Config\Cache), false)
#11 C:\xampp\htdocs\fs2025\codeigniter4-Blackwave\codeigniter4-framework-dbc07dc\system\Boot.php(363): CodeIgniter\CodeIgniter->run()
#12 C:\xampp\htdocs\fs2025\codeigniter4-Blackwave\codeigniter4-framework-dbc07dc\system\Boot.php(68): CodeIgniter\Boot::runCodeIgniter(Object(CodeIgniter\CodeIgniter))
#13 C:\xampp\htdocs\fs2025\codeigniter4-Blackwave\codeigniter4-framework-dbc07dc\public\index.php(59): CodeIgniter\Boot::bootWeb(Object(Config\Paths))
#14 {main}
CRITICAL - 2025-07-31 16:10:57 --> CodeIgniter\Database\Exceptions\DatabaseException: Duplicate entry '20' for key 'PRIMARY'
[Method: POST, Route: agregarEmpleado]
in SYSTEMPATH\Database\BaseConnection.php on line 684.
 1 SYSTEMPATH\Database\BaseBuilder.php(2345): CodeIgniter\Database\BaseConnection->query('INSERT INTO `emplados` (`empleado_id`, `nombre`, `apellido`, `telefono`, `puesto_id`, `fecha_nac`) VALUES (:empleado_id:, :nombre:, :apellido:, :telefono:, :puesto_id:, :fecha_nac:)', [...], false)
 2 SYSTEMPATH\Model.php(394): CodeIgniter\Database\BaseBuilder->insert()
 3 SYSTEMPATH\BaseModel.php(838): CodeIgniter\Model->doInsert([...])
 4 SYSTEMPATH\Model.php(797): CodeIgniter\BaseModel->insert([...], true)
 5 APPPATH\Controllers\Home.php(43): CodeIgniter\Model->insert([...])
 6 SYSTEMPATH\CodeIgniter.php(933): App\Controllers\Home->agregarEmplado()
 7 SYSTEMPATH\CodeIgniter.php(507): CodeIgniter\CodeIgniter->runController(Object(App\Controllers\Home))
 8 SYSTEMPATH\CodeIgniter.php(354): CodeIgniter\CodeIgniter->handleRequest(null, Object(Config\Cache), false)
 9 SYSTEMPATH\Boot.php(363): CodeIgniter\CodeIgniter->run()
10 SYSTEMPATH\Boot.php(68): CodeIgniter\Boot::runCodeIgniter(Object(CodeIgniter\CodeIgniter))
11 FCPATH\index.php(59): CodeIgniter\Boot::bootWeb(Object(Config\Paths))
CRITICAL - 2025-07-31 16:10:57 --> [Caused by] CodeIgniter\Database\Exceptions\DatabaseException: Duplicate entry '20' for key 'PRIMARY'
in SYSTEMPATH\Database\MySQLi\Connection.php on line 332.
 1 SYSTEMPATH\Database\BaseConnection.php(729): CodeIgniter\Database\MySQLi\Connection->execute('INSERT INTO `emplados` (`empleado_id`, `nombre`, `apellido`, `telefono`, `puesto_id`, `fecha_nac`) VALUES (\'20\', \'Pato\', \'Quaso\', \'25206010\', \'5\', \'2008-06-20\')')
 2 SYSTEMPATH\Database\BaseConnection.php(646): CodeIgniter\Database\BaseConnection->simpleQuery('INSERT INTO `emplados` (`empleado_id`, `nombre`, `apellido`, `telefono`, `puesto_id`, `fecha_nac`) VALUES (\'20\', \'Pato\', \'Quaso\', \'25206010\', \'5\', \'2008-06-20\')')
 3 SYSTEMPATH\Database\BaseBuilder.php(2345): CodeIgniter\Database\BaseConnection->query('INSERT INTO `emplados` (`empleado_id`, `nombre`, `apellido`, `telefono`, `puesto_id`, `fecha_nac`) VALUES (:empleado_id:, :nombre:, :apellido:, :telefono:, :puesto_id:, :fecha_nac:)', [...], false)
 4 SYSTEMPATH\Model.php(394): CodeIgniter\Database\BaseBuilder->insert()
 5 SYSTEMPATH\BaseModel.php(838): CodeIgniter\Model->doInsert([...])
 6 SYSTEMPATH\Model.php(797): CodeIgniter\BaseModel->insert([...], true)
 7 APPPATH\Controllers\Home.php(43): CodeIgniter\Model->insert([...])
 8 SYSTEMPATH\CodeIgniter.php(933): App\Controllers\Home->agregarEmplado()
 9 SYSTEMPATH\CodeIgniter.php(507): CodeIgniter\CodeIgniter->runController(Object(App\Controllers\Home))
10 SYSTEMPATH\CodeIgniter.php(354): CodeIgniter\CodeIgniter->handleRequest(null, Object(Config\Cache), false)
11 SYSTEMPATH\Boot.php(363): CodeIgniter\CodeIgniter->run()
12 SYSTEMPATH\Boot.php(68): CodeIgniter\Boot::runCodeIgniter(Object(CodeIgniter\CodeIgniter))
13 FCPATH\index.php(59): CodeIgniter\Boot::bootWeb(Object(Config\Paths))
CRITICAL - 2025-07-31 16:10:57 --> [Caused by] mysqli_sql_exception: Duplicate entry '20' for key 'PRIMARY'
in SYSTEMPATH\Database\MySQLi\Connection.php on line 327.
 1 SYSTEMPATH\Database\MySQLi\Connection.php(327): mysqli->query('INSERT INTO `emplados` (`empleado_id`, `nombre`, `apellido`, `telefono`, `puesto_id`, `fecha_nac`) VALUES (\'20\', \'Pato\', \'Quaso\', \'25206010\', \'5\', \'2008-06-20\')', 0)
 2 SYSTEMPATH\Database\BaseConnection.php(729): CodeIgniter\Database\MySQLi\Connection->execute('INSERT INTO `emplados` (`empleado_id`, `nombre`, `apellido`, `telefono`, `puesto_id`, `fecha_nac`) VALUES (\'20\', \'Pato\', \'Quaso\', \'25206010\', \'5\', \'2008-06-20\')')
 3 SYSTEMPATH\Database\BaseConnection.php(646): CodeIgniter\Database\BaseConnection->simpleQuery('INSERT INTO `emplados` (`empleado_id`, `nombre`, `apellido`, `telefono`, `puesto_id`, `fecha_nac`) VALUES (\'20\', \'Pato\', \'Quaso\', \'25206010\', \'5\', \'2008-06-20\')')
 4 SYSTEMPATH\Database\BaseBuilder.php(2345): CodeIgniter\Database\BaseConnection->query('INSERT INTO `emplados` (`empleado_id`, `nombre`, `apellido`, `telefono`, `puesto_id`, `fecha_nac`) VALUES (:empleado_id:, :nombre:, :apellido:, :telefono:, :puesto_id:, :fecha_nac:)', [...], false)
 5 SYSTEMPATH\Model.php(394): CodeIgniter\Database\BaseBuilder->insert()
 6 SYSTEMPATH\BaseModel.php(838): CodeIgniter\Model->doInsert([...])
 7 SYSTEMPATH\Model.php(797): CodeIgniter\BaseModel->insert([...], true)
 8 APPPATH\Controllers\Home.php(43): CodeIgniter\Model->insert([...])
 9 SYSTEMPATH\CodeIgniter.php(933): App\Controllers\Home->agregarEmplado()
10 SYSTEMPATH\CodeIgniter.php(507): CodeIgniter\CodeIgniter->runController(Object(App\Controllers\Home))
11 SYSTEMPATH\CodeIgniter.php(354): CodeIgniter\CodeIgniter->handleRequest(null, Object(Config\Cache), false)
12 SYSTEMPATH\Boot.php(363): CodeIgniter\CodeIgniter->run()
13 SYSTEMPATH\Boot.php(68): CodeIgniter\Boot::runCodeIgniter(Object(CodeIgniter\CodeIgniter))
14 FCPATH\index.php(59): CodeIgniter\Boot::bootWeb(Object(Config\Paths))
