CRITICAL - 2025-08-27 14:38:02 --> ParseError: syntax error, unexpected token "|", expecting end of file
[Method: GET, Route: /]
in APPPATH\Config\Routes.php on line 14.
 1 SYSTEMPATH\CodeIgniter.php(821): CodeIgniter\Router\RouteCollection->loadRoutes()
 2 SYSTEMPATH\CodeIgniter.php(455): CodeIgniter\CodeIgniter->tryToRouteIt(null)
 3 SYSTEMPATH\CodeIgniter.php(354): CodeIgniter\CodeIgniter->handleRequest(null, Object(Config\Cache), false)
 4 SYSTEMPATH\Boot.php(363): CodeIgniter\CodeIgniter->run()
 5 SYSTEMPATH\Boot.php(68): CodeIgniter\Boot::runCodeIgniter(Object(CodeIgniter\CodeIgniter))
 6 FCPATH\index.php(59): CodeIgniter\Boot::bootWeb(Object(Config\Paths))
ERROR - 2025-08-27 14:38:28 --> Error connecting to the database: mysqli_sql_exception: No se puede establecer una conexión ya que el equipo de destino denegó expresamente dicha conexión in C:\xampp\htdocs\fs2025\codeigniter4-Blackwave\codeigniter4-framework-dbc07dc\system\Database\MySQLi\Connection.php:201
Stack trace:
#0 C:\xampp\htdocs\fs2025\codeigniter4-Blackwave\codeigniter4-framework-dbc07dc\system\Database\MySQLi\Connection.php(201): mysqli->real_connect('localhost', 'root', Object(SensitiveParameterValue), 'fs2025_bibliote...', 3306, '', 0)
#1 C:\xampp\htdocs\fs2025\codeigniter4-Blackwave\codeigniter4-framework-dbc07dc\system\Database\BaseConnection.php(419): CodeIgniter\Database\MySQLi\Connection->connect(false)
#2 C:\xampp\htdocs\fs2025\codeigniter4-Blackwave\codeigniter4-framework-dbc07dc\system\Database\BaseConnection.php(614): CodeIgniter\Database\BaseConnection->initialize()
#3 C:\xampp\htdocs\fs2025\codeigniter4-Blackwave\codeigniter4-framework-dbc07dc\system\Database\BaseBuilder.php(1649): CodeIgniter\Database\BaseConnection->query('SELECT *\nFROM `...', Array, false)
#4 C:\xampp\htdocs\fs2025\codeigniter4-Blackwave\codeigniter4-framework-dbc07dc\system\Model.php(286): CodeIgniter\Database\BaseBuilder->get()
#5 C:\xampp\htdocs\fs2025\codeigniter4-Blackwave\codeigniter4-framework-dbc07dc\system\BaseModel.php(677): CodeIgniter\Model->doFindAll(0, 0)
#6 C:\xampp\htdocs\fs2025\codeigniter4-Blackwave\codeigniter4-framework-dbc07dc\app\Controllers\Home.php(15): CodeIgniter\BaseModel->findAll()
#7 C:\xampp\htdocs\fs2025\codeigniter4-Blackwave\codeigniter4-framework-dbc07dc\system\CodeIgniter.php(933): App\Controllers\Home->Estudiantes()
#8 C:\xampp\htdocs\fs2025\codeigniter4-Blackwave\codeigniter4-framework-dbc07dc\system\CodeIgniter.php(507): CodeIgniter\CodeIgniter->runController(Object(App\Controllers\Home))
#9 C:\xampp\htdocs\fs2025\codeigniter4-Blackwave\codeigniter4-framework-dbc07dc\system\CodeIgniter.php(354): CodeIgniter\CodeIgniter->handleRequest(NULL, Object(Config\Cache), false)
#10 C:\xampp\htdocs\fs2025\codeigniter4-Blackwave\codeigniter4-framework-dbc07dc\system\Boot.php(363): CodeIgniter\CodeIgniter->run()
#11 C:\xampp\htdocs\fs2025\codeigniter4-Blackwave\codeigniter4-framework-dbc07dc\system\Boot.php(68): CodeIgniter\Boot::runCodeIgniter(Object(CodeIgniter\CodeIgniter))
#12 C:\xampp\htdocs\fs2025\codeigniter4-Blackwave\codeigniter4-framework-dbc07dc\public\index.php(59): CodeIgniter\Boot::bootWeb(Object(Config\Paths))
#13 {main}

Next CodeIgniter\Database\Exceptions\DatabaseException: No se puede establecer una conexión ya que el equipo de destino denegó expresamente dicha conexión in C:\xampp\htdocs\fs2025\codeigniter4-Blackwave\codeigniter4-framework-dbc07dc\system\Database\MySQLi\Connection.php:246
Stack trace:
#0 C:\xampp\htdocs\fs2025\codeigniter4-Blackwave\codeigniter4-framework-dbc07dc\system\Database\BaseConnection.php(419): CodeIgniter\Database\MySQLi\Connection->connect(false)
#1 C:\xampp\htdocs\fs2025\codeigniter4-Blackwave\codeigniter4-framework-dbc07dc\system\Database\BaseConnection.php(614): CodeIgniter\Database\BaseConnection->initialize()
#2 C:\xampp\htdocs\fs2025\codeigniter4-Blackwave\codeigniter4-framework-dbc07dc\system\Database\BaseBuilder.php(1649): CodeIgniter\Database\BaseConnection->query('SELECT *\nFROM `...', Array, false)
#3 C:\xampp\htdocs\fs2025\codeigniter4-Blackwave\codeigniter4-framework-dbc07dc\system\Model.php(286): CodeIgniter\Database\BaseBuilder->get()
#4 C:\xampp\htdocs\fs2025\codeigniter4-Blackwave\codeigniter4-framework-dbc07dc\system\BaseModel.php(677): CodeIgniter\Model->doFindAll(0, 0)
#5 C:\xampp\htdocs\fs2025\codeigniter4-Blackwave\codeigniter4-framework-dbc07dc\app\Controllers\Home.php(15): CodeIgniter\BaseModel->findAll()
#6 C:\xampp\htdocs\fs2025\codeigniter4-Blackwave\codeigniter4-framework-dbc07dc\system\CodeIgniter.php(933): App\Controllers\Home->Estudiantes()
#7 C:\xampp\htdocs\fs2025\codeigniter4-Blackwave\codeigniter4-framework-dbc07dc\system\CodeIgniter.php(507): CodeIgniter\CodeIgniter->runController(Object(App\Controllers\Home))
#8 C:\xampp\htdocs\fs2025\codeigniter4-Blackwave\codeigniter4-framework-dbc07dc\system\CodeIgniter.php(354): CodeIgniter\CodeIgniter->handleRequest(NULL, Object(Config\Cache), false)
#9 C:\xampp\htdocs\fs2025\codeigniter4-Blackwave\codeigniter4-framework-dbc07dc\system\Boot.php(363): CodeIgniter\CodeIgniter->run()
#10 C:\xampp\htdocs\fs2025\codeigniter4-Blackwave\codeigniter4-framework-dbc07dc\system\Boot.php(68): CodeIgniter\Boot::runCodeIgniter(Object(CodeIgniter\CodeIgniter))
#11 C:\xampp\htdocs\fs2025\codeigniter4-Blackwave\codeigniter4-framework-dbc07dc\public\index.php(59): CodeIgniter\Boot::bootWeb(Object(Config\Paths))
#12 {main}
CRITICAL - 2025-08-27 14:38:28 --> CodeIgniter\Database\Exceptions\DatabaseException: Unable to connect to the database.
Main connection [MySQLi]: No se puede establecer una conexión ya que el equipo de destino denegó expresamente dicha conexión
[Method: GET, Route: Estudiantes]
in SYSTEMPATH\Database\BaseConnection.php on line 465.
 1 SYSTEMPATH\Database\BaseConnection.php(614): CodeIgniter\Database\BaseConnection->initialize()
 2 SYSTEMPATH\Database\BaseBuilder.php(1649): CodeIgniter\Database\BaseConnection->query('SELECT *
FROM `estudiantes`', [], false)
 3 SYSTEMPATH\Model.php(286): CodeIgniter\Database\BaseBuilder->get()
 4 SYSTEMPATH\BaseModel.php(677): CodeIgniter\Model->doFindAll(0, 0)
 5 APPPATH\Controllers\Home.php(15): CodeIgniter\BaseModel->findAll()
 6 SYSTEMPATH\CodeIgniter.php(933): App\Controllers\Home->Estudiantes()
 7 SYSTEMPATH\CodeIgniter.php(507): CodeIgniter\CodeIgniter->runController(Object(App\Controllers\Home))
 8 SYSTEMPATH\CodeIgniter.php(354): CodeIgniter\CodeIgniter->handleRequest(null, Object(Config\Cache), false)
 9 SYSTEMPATH\Boot.php(363): CodeIgniter\CodeIgniter->run()
10 SYSTEMPATH\Boot.php(68): CodeIgniter\Boot::runCodeIgniter(Object(CodeIgniter\CodeIgniter))
11 FCPATH\index.php(59): CodeIgniter\Boot::bootWeb(Object(Config\Paths))
ERROR - 2025-08-27 17:43:20 --> Error connecting to the database: mysqli_sql_exception: Unknown database 'fs2025_biblioteca2' in C:\xampp\htdocs\fs2025\codeigniter4-Blackwave\codeigniter4-framework-dbc07dc\system\Database\MySQLi\Connection.php:201
Stack trace:
#0 C:\xampp\htdocs\fs2025\codeigniter4-Blackwave\codeigniter4-framework-dbc07dc\system\Database\MySQLi\Connection.php(201): mysqli->real_connect('localhost', 'root', Object(SensitiveParameterValue), 'fs2025_bibliote...', 3306, '', 0)
#1 C:\xampp\htdocs\fs2025\codeigniter4-Blackwave\codeigniter4-framework-dbc07dc\system\Database\BaseConnection.php(419): CodeIgniter\Database\MySQLi\Connection->connect(false)
#2 C:\xampp\htdocs\fs2025\codeigniter4-Blackwave\codeigniter4-framework-dbc07dc\system\Database\BaseConnection.php(614): CodeIgniter\Database\BaseConnection->initialize()
#3 C:\xampp\htdocs\fs2025\codeigniter4-Blackwave\codeigniter4-framework-dbc07dc\system\Database\BaseBuilder.php(1649): CodeIgniter\Database\BaseConnection->query('SELECT *\nFROM `...', Array, false)
#4 C:\xampp\htdocs\fs2025\codeigniter4-Blackwave\codeigniter4-framework-dbc07dc\system\Model.php(286): CodeIgniter\Database\BaseBuilder->get()
#5 C:\xampp\htdocs\fs2025\codeigniter4-Blackwave\codeigniter4-framework-dbc07dc\system\BaseModel.php(677): CodeIgniter\Model->doFindAll(0, 0)
#6 C:\xampp\htdocs\fs2025\codeigniter4-Blackwave\codeigniter4-framework-dbc07dc\app\Controllers\Home.php(15): CodeIgniter\BaseModel->findAll()
#7 C:\xampp\htdocs\fs2025\codeigniter4-Blackwave\codeigniter4-framework-dbc07dc\system\CodeIgniter.php(933): App\Controllers\Home->Estudiantes()
#8 C:\xampp\htdocs\fs2025\codeigniter4-Blackwave\codeigniter4-framework-dbc07dc\system\CodeIgniter.php(507): CodeIgniter\CodeIgniter->runController(Object(App\Controllers\Home))
#9 C:\xampp\htdocs\fs2025\codeigniter4-Blackwave\codeigniter4-framework-dbc07dc\system\CodeIgniter.php(354): CodeIgniter\CodeIgniter->handleRequest(NULL, Object(Config\Cache), false)
#10 C:\xampp\htdocs\fs2025\codeigniter4-Blackwave\codeigniter4-framework-dbc07dc\system\Boot.php(363): CodeIgniter\CodeIgniter->run()
#11 C:\xampp\htdocs\fs2025\codeigniter4-Blackwave\codeigniter4-framework-dbc07dc\system\Boot.php(68): CodeIgniter\Boot::runCodeIgniter(Object(CodeIgniter\CodeIgniter))
#12 C:\xampp\htdocs\fs2025\codeigniter4-Blackwave\codeigniter4-framework-dbc07dc\public\index.php(59): CodeIgniter\Boot::bootWeb(Object(Config\Paths))
#13 {main}

Next CodeIgniter\Database\Exceptions\DatabaseException: Unknown database 'fs2025_biblioteca2' in C:\xampp\htdocs\fs2025\codeigniter4-Blackwave\codeigniter4-framework-dbc07dc\system\Database\MySQLi\Connection.php:246
Stack trace:
#0 C:\xampp\htdocs\fs2025\codeigniter4-Blackwave\codeigniter4-framework-dbc07dc\system\Database\BaseConnection.php(419): CodeIgniter\Database\MySQLi\Connection->connect(false)
#1 C:\xampp\htdocs\fs2025\codeigniter4-Blackwave\codeigniter4-framework-dbc07dc\system\Database\BaseConnection.php(614): CodeIgniter\Database\BaseConnection->initialize()
#2 C:\xampp\htdocs\fs2025\codeigniter4-Blackwave\codeigniter4-framework-dbc07dc\system\Database\BaseBuilder.php(1649): CodeIgniter\Database\BaseConnection->query('SELECT *\nFROM `...', Array, false)
#3 C:\xampp\htdocs\fs2025\codeigniter4-Blackwave\codeigniter4-framework-dbc07dc\system\Model.php(286): CodeIgniter\Database\BaseBuilder->get()
#4 C:\xampp\htdocs\fs2025\codeigniter4-Blackwave\codeigniter4-framework-dbc07dc\system\BaseModel.php(677): CodeIgniter\Model->doFindAll(0, 0)
#5 C:\xampp\htdocs\fs2025\codeigniter4-Blackwave\codeigniter4-framework-dbc07dc\app\Controllers\Home.php(15): CodeIgniter\BaseModel->findAll()
#6 C:\xampp\htdocs\fs2025\codeigniter4-Blackwave\codeigniter4-framework-dbc07dc\system\CodeIgniter.php(933): App\Controllers\Home->Estudiantes()
#7 C:\xampp\htdocs\fs2025\codeigniter4-Blackwave\codeigniter4-framework-dbc07dc\system\CodeIgniter.php(507): CodeIgniter\CodeIgniter->runController(Object(App\Controllers\Home))
#8 C:\xampp\htdocs\fs2025\codeigniter4-Blackwave\codeigniter4-framework-dbc07dc\system\CodeIgniter.php(354): CodeIgniter\CodeIgniter->handleRequest(NULL, Object(Config\Cache), false)
#9 C:\xampp\htdocs\fs2025\codeigniter4-Blackwave\codeigniter4-framework-dbc07dc\system\Boot.php(363): CodeIgniter\CodeIgniter->run()
#10 C:\xampp\htdocs\fs2025\codeigniter4-Blackwave\codeigniter4-framework-dbc07dc\system\Boot.php(68): CodeIgniter\Boot::runCodeIgniter(Object(CodeIgniter\CodeIgniter))
#11 C:\xampp\htdocs\fs2025\codeigniter4-Blackwave\codeigniter4-framework-dbc07dc\public\index.php(59): CodeIgniter\Boot::bootWeb(Object(Config\Paths))
#12 {main}
CRITICAL - 2025-08-27 17:43:20 --> CodeIgniter\Database\Exceptions\DatabaseException: Unable to connect to the database.
Main connection [MySQLi]: Unknown database 'fs2025_biblioteca2'
[Method: GET, Route: Estudiantes]
in SYSTEMPATH\Database\BaseConnection.php on line 465.
 1 SYSTEMPATH\Database\BaseConnection.php(614): CodeIgniter\Database\BaseConnection->initialize()
 2 SYSTEMPATH\Database\BaseBuilder.php(1649): CodeIgniter\Database\BaseConnection->query('SELECT *
FROM `estudiantes`', [], false)
 3 SYSTEMPATH\Model.php(286): CodeIgniter\Database\BaseBuilder->get()
 4 SYSTEMPATH\BaseModel.php(677): CodeIgniter\Model->doFindAll(0, 0)
 5 APPPATH\Controllers\Home.php(15): CodeIgniter\BaseModel->findAll()
 6 SYSTEMPATH\CodeIgniter.php(933): App\Controllers\Home->Estudiantes()
 7 SYSTEMPATH\CodeIgniter.php(507): CodeIgniter\CodeIgniter->runController(Object(App\Controllers\Home))
 8 SYSTEMPATH\CodeIgniter.php(354): CodeIgniter\CodeIgniter->handleRequest(null, Object(Config\Cache), false)
 9 SYSTEMPATH\Boot.php(363): CodeIgniter\CodeIgniter->run()
10 SYSTEMPATH\Boot.php(68): CodeIgniter\Boot::runCodeIgniter(Object(CodeIgniter\CodeIgniter))
11 FCPATH\index.php(59): CodeIgniter\Boot::bootWeb(Object(Config\Paths))
